Program Crystal
 GIT Version: 89172f
 MPI OK
 parser:Reading parameters from DEFINITIONS.txt                                   
 parser:Set stdout = 6
 parser:Set sigmar = 0.0
 parser:Set readchains = 0
 parser:Set verbose = 5
 parser:Set dimx = 23
 parser:Set dimy = 23
 parser:Set dimz = 23
 parser:Set delta = 0.25
 parser:Set dx = 0.0
 parser:Set dy = 0.0
 interaction_00 undefined, use default value of 1.0
 interaction_11 undefined, use default value of 1.0
 parser:Set dz = 0.0
 parser:Set transform_type = 1
 parser:Set PBC = 1 1 1 1 1 1
 interaction_00 undefined, use default value of 1.0
 interaction_11 undefined, use default value of 1.0
 parser:Set infile = 0
 parser:Set vscan = 2
 interaction_00 undefined, use default value of 1.0
 interaction_11 undefined, use default value of 1.0
 parser:Set flagmu = 1
 parser:Set nkp = -20.0 0.01 -20.0
 parser:Set nst = 4
 parser:Set benergy = -0.65
 parser:Set Xucutoff = 2.0
 parser:Set long = 12
 parser:Set lseg = 0.154
 parser:Set lsegkai = 0.4
 parser:Set cuantas = 100000
 parser:Set longsv = 6
 parser:Set cuantassv = 100
 parser:Set vpol = 0.008
 parser:Set vsol = 0.008
 parser:Set vtkflag = 0
 parser:Set scx = 1
 parser:Set scy = 1
 parser:Set scz = 1
 parser:Set systemtype = 9
 parser:Set particle           1 pos to   0.0000000000000000        0.0000000000000000        0.0000000000000000     
 parser:Set particle           2 pos to  0.50000000000000000       0.50000000000000000       0.50000000000000000     
 parser:Set particle           1 octahedron size to   5.0400000000000000     
 parser:Set particle           2 octahedron size to   5.0400000000000000     
 parser:Set particle           1 cube size to   3.5640000000000001     
 parser:Set particle           2 cube size to   3.5640000000000001     
 parser:Set particle           1 surface coverage to   5.8499999999999996     
 parser:Set particle           2 surface coverage to   5.8499999999999996     
 parser:Set particle           1 charge to   0.0000000000000000     
 parser:Set particle           2 charge to   0.0000000000000000     
 parser:Set particle           1 hydrophobicity to   0.0000000000000000     
 parser:Set particle           2 hydrophobicity to   0.0000000000000000     
 parser:Set readchains = 0
 parser:Set coordinate_system = 2
 parser:Set randominput = 0
 parser:Set seed = 938121
 interaction_00 undefined, use default value of 1.0
 interaction_11 undefined, use default value of 1.0
 transform:Volume of a lattice cell in real space   1.5625000000000000E-002 nm^3
 transform:Volume of a lattice cell in transformed space   1.5625000000000000E-002 nm^3
 transform:a / nm    5.7500000000000000     
 transform:b / nm    5.7500000000000000     
 transform:c / nm    5.7500000000000000     
 transform:gama    90.000000000000000     
 transform:b/a   1.0000000000000000     
 transform:c/a   1.0000000000000000     
 transform:cell volume    190.10937500000000      nm^3
 transform:Coordinates of particle           1  in real space    0.0000000000000000        0.0000000000000000        0.0000000000000000     
 transform:Coordinates of particle           2  in real space    2.8750000000000000        2.8750000000000000        2.8750000000000000     
 kais: Kai calculation
 kais: New Xulimit           8
 kais: Sum Xulimit  0.26593352215602678     
 kais: Total Sum  0.26593352215602678     
 Kai OK
 cuboctahedron:Total nanocuboct volumen real space=    39.459111095804822     
 cuboctahedron:Total discretized volumen =   39.081167376512099     
 cuboctahedron:total number of segments in system =   5505.4176614858552     
 cuboctahedron: Total nanocuboct #           1  area   39.212376506309511     
 cuboctahedron: Total nanocuboct #           2  area   39.212376506309511     
 Particle OK
 creador:graftingpoints:
 creador:ncha =         1794
 creador: cpp               1  =          448
 creador: cppini            1  =            1
 creador: cppfin            1  =          448
 creador:!!!!!!!!!!!!!!!!!!!!!!!!!
 creador: cpp               2  =          449
 creador: cppini            2  =          449
 creador: cppfin            2  =          897
 creador:!!!!!!!!!!!!!!!!!!!!!!!!!
 creador: cpp               3  =          449
 creador: cppini            3  =          898
 creador: cppfin            3  =         1346
 creador:!!!!!!!!!!!!!!!!!!!!!!!!!
 creador: cpp               4  =          448
 creador: cppini            4  =         1347
 creador: cppfin            4  =         1794
 creador:!!!!!!!!!!!!!!!!!!!!!!!!!
 Graftpoints OK
 Creador OK
 Switch to st =    0.0000000000000000       kp =  -20.000000000000000     
 solve: Enter solver        24334  eqs
 fkfun:           1   1553.3038661505082        1.7790105304702750E+101
 fkfun:           2   1553.3031624155576        1.7790076059490761E+101
 fkfun:           3   1553.3047786325003        1.7790091831463853E+101
 fkfun:           4   1553.3038359986310        1.7790105199674650E+101
 fkfun:           5   1553.3035487863544        1.7790068310109986E+101
 fkfun:           6   1169.4769048847459        3.3472069289627296E+095
 fkfun:           7   1169.4760826222214        3.3472026926996766E+095
 fkfun:           8   1169.4776915115324        3.3472022282635604E+095
 fkfun:           9   1169.4767849868240        3.3472043444277087E+095
 fkfun:          10   1169.4769402677020        3.3472061121504212E+095
 fkfun:          11   1169.4765688716680        3.3471997618410605E+095
 fkfun:          12   23278.283238733919        7.1020492816319412E+092
 fkfun:          13   23278.260542358370        7.1020215325252927E+092
 fkfun:          14   23278.260542358370        7.1020215325252927E+092
 fkfun:          15   4326.2423894317299        1.3659043547291339E+091
 fkfun:          16   4326.2338186949401        1.3658990942131272E+091
 fkfun:          17   4326.2338186949401        1.3658990942131272E+091
 fkfun:          18   1665.7962639928164        3.2524822124713239E+090
 fkfun:          19   1665.7940264594422        3.2524770553831396E+090
 fkfun:          20   1665.7940264594422        3.2524770553831396E+090
 fkfun:          21   367.23136271288524        1.9225192124640725E+090
 fkfun:          22   367.23049870047868        1.9225160688006784E+090
 fkfun:          23   367.23209903845247        1.9225159022412746E+090
 fkfun:          24   367.23076115933287        1.9225148069837952E+090
 fkfun:          25   108.68166883670443        3.3045510709988661E+089
 fkfun:          26   108.68124769404832        3.3045459746018311E+089
 fkfun:          27   108.68211502232562        3.3045454572837893E+089
 fkfun:          28   108.68168460488749        3.3045438189306258E+089
 fkfun:          29   108.68162546549117        3.3045480981513683E+089
 fkfun:          30   108.68159788262241        3.3045403236337869E+089
 fkfun:          31   235.05954353469630        8.0087023822893218E+085
 fkfun:          32   235.05830448574528        8.0086989577558558E+085
 fkfun:          33   235.05830448574528        8.0086989577558558E+085
 fkfun:          34   37.317360124682018        6.9759158335315995E+085
 fkfun:          35   37.317205885041567        6.9759032747364324E+085
 fkfun:          36   37.317205885041567        6.9759032747364324E+085
 fkfun:          37   16.735350680306151        4.2388491538179178E+085
 fkfun:          38   16.735225424178260        4.2388372531948475E+085
 fkfun:          39   16.735526768653859        4.2388443892969830E+085
 fkfun:          40   16.735300951572736        4.2388348398294109E+085
 fkfun:          41   9.4534345905092891        1.5089474326871397E+085
 fkfun:          42   9.4533496605385103        1.5089419233507601E+085
 fkfun:          43   9.4536163776850248        1.5089451918282759E+085
 fkfun:          44   9.4534007421257016        1.5089479578060349E+085
 fkfun:          45   9.4534207526738090        1.5089410986821174E+085
 fkfun:          46   3.1862083993082297        3.0942076452875987E+083
 fkfun:          47   3.1861400591864588        3.0941999364185754E+083
 fkfun:          48   3.1862781939424432        3.0942004734484883E+083
 fkfun:          49   3.1862284049714980        3.0942027152178600E+083
 fkfun:          50   3.1861905606354384        3.0942093215720626E+083
 fkfun:          51   3.1862368402021768        3.0942045810712385E+083
 fkfun:          52   3.1861969126588021        3.0941945623561226E+083
 fkfun:          53  0.56893040371563064        4.2587678849649653E+082
 fkfun:          54  0.56891166941482563        4.2587526583445213E+082
 fkfun:          55  0.56896070165111468        4.2587679882126083E+082
 fkfun:          56  0.56892693213504664        4.2587661548755555E+082
 fkfun:          57  0.56893672203531576        4.2587555508669673E+082
 fkfun:          58  0.56892767009735801        4.2587636538514791E+082
 fkfun:          59  0.56893299508340212        4.2587713386817270E+082
 fkfun:          60  0.56892782552545962        4.2587678548494566E+082
 fkfun:          61  0.56892665558920086        4.2587487979757838E+082
 fkfun:          62   3.2625322513886779E-002   1.1661864990913759E+082
 fkfun:          63   3.2618229609357487E-002   1.1661836494061849E+082
 fkfun:          64   3.2632582172711776E-002   1.1661857582040101E+082
 fkfun:          65   3.2625289793879207E-002   1.1661851061339144E+082
 fkfun:          66   3.2624700450287654E-002   1.1661832273886237E+082
 fkfun:          67   3.2625590905406045E-002   1.1661849314314239E+082
 fkfun:          68   3.2625014671778689E-002   1.1661877282246063E+082
 fkfun:          69   3.2625612585510812E-002   1.1661849969592139E+082
 fkfun:          70   3.2625106500205725E-002   1.1661841568253176E+082
 fkfun:          71   3.2624165060347356E-002   1.1661813434495123E+082
 fkfun:          72   6.7394939309076542E-004   9.1331268165864496E+081
 fkfun:          73   6.7270609427775110E-004   9.1331085531869618E+081
 fkfun:          74   6.7500479281936570E-004   9.1331157318804391E+081
 fkfun:          75   6.7404070961460882E-004   9.1331108137232354E+081
 fkfun:          76   6.7386199346126593E-004   9.1331089269810652E+081
 fkfun:          77   6.7392633574590887E-004   9.1331120389028788E+081
 fkfun:          78   6.7390418323628575E-004   9.1331231422763877E+081
 fkfun:          79   6.7394233865099751E-004   9.1331171224468088E+081
 fkfun:          80   6.7388412345448017E-004   9.1331240254156847E+081
 fkfun:          81   6.7399536960340597E-004   9.1331257042188732E+081
 fkfun:          82   6.7396945316573807E-004   9.1331286227783870E+081
 fkfun:          83   6.7399056907413435E-004   9.1331220805969720E+081
 fkfun:          84   6.7396806487562510E-004   9.1331349114582510E+081
 fkfun:          85   6.7398404369670660E-004   9.1331309515151316E+081
 fkfun:          86   6.7398131686603789E-004   9.1331189390608803E+081
 fkfun:          87   6.7396178188596141E-004   9.1331319080648907E+081
 fkfun:          88   6.7387032535852704E-004   9.1331392650096159E+081
 fkfun:          89   6.7388630110882511E-004   9.1331295058950613E+081
 fkfun:          90   6.7395134577275320E-004   9.1331270100523159E+081
 fkfun:          91   6.7396592769972032E-004   9.1331437626309643E+081
 fkfun:          92   6.7397062003274214E-004   9.1331328493171464E+081
 fkfun:          93   6.7396312695399817E-004   9.1331211810631746E+081
 fkfun:          94   6.7388443544526386E-004   9.1331308175148146E+081
 fkfun:          95   6.7400184814849059E-004   9.1331136999101687E+081
 fkfun:          96   6.7396655682459806E-004   9.1331269626117284E+081
 fkfun:          97   6.7396229326348572E-004   9.1331285920251860E+081
 fkfun:          98   6.7397713706329775E-004   9.1331387548709102E+081
 fkfun:          99   6.7397879334143735E-004   9.1331322615188939E+081
 fkfun:         100   6.7379792293831178E-004   9.1330864661303173E+081
 fkfun:         101   6.7351490448539029E-006   8.8156555938962047E+081
 fkfun:         102   6.6127121594019247E-006   8.8156379765371370E+081
 fkfun:         103   6.8431661689902646E-006   8.8156448181011032E+081
 fkfun:         104   6.7469747900171967E-006   8.8156400386279040E+081
 fkfun:         105   6.7286433214412459E-006   8.8156384052271310E+081
 fkfun:         106   6.7355366492143209E-006   8.8156414254941187E+081
 fkfun:         107   6.7328099833313801E-006   8.8156519646627692E+081
 fkfun:         108   6.7367953276418055E-006   8.8156461689809267E+081
 fkfun:         109   6.7308909265266196E-006   8.8156529805436166E+081
 fkfun:         110   6.7423618700721663E-006   8.8156545615866111E+081
 fkfun:         111   6.7390712862989491E-006   8.8156573351769043E+081
 fkfun:         112   6.7408806766014229E-006   8.8156509725185878E+081
 fkfun:         113   6.7393376748860059E-006   8.8156634013668850E+081
 fkfun:         114   6.7404591767720445E-006   8.8156594896938937E+081
 fkfun:         115   6.7403399994620146E-006   8.8156479748893871E+081
 fkfun:         116   6.7387647920116161E-006   8.8156605745517815E+081
 fkfun:         117   6.7294924455753981E-006   8.8156674903725095E+081
 fkfun:         118   6.7311071810707090E-006   8.8156580330023557E+081
 fkfun:         119   6.7381022777108449E-006   8.8156557912262705E+081
 fkfun:         120   6.7387502952098460E-006   8.8156717725036612E+081
 fkfun:         121   6.7396592361361360E-006   8.8156613129914590E+081
 fkfun:         122   6.7390707228874880E-006   8.8156501810801406E+081
 fkfun:         123   6.7307933221766277E-006   8.8156597014021102E+081
 fkfun:         124   6.7425482121985913E-006   8.8156427307742237E+081
 fkfun:         125   6.7390914054583698E-006   8.8156558503370909E+081
 fkfun:         126   6.7385687361188847E-006   8.8156571348097652E+081
 fkfun:         127   6.7403104905224501E-006   8.8156672701436069E+081
 fkfun:         128   6.7399456427878777E-006   8.8156606573784767E+081
 fkfun:         129   6.7357774818201048E-006   8.8156669752480014E+081
 fkfun:         130   6.7200769181586101E-006   8.8156166368999975E+081
 fkfun:         131   6.7531714983143923E-008   8.7843984985446257E+081
 fkfun:         132   5.6434565704280287E-008   8.7843809441303845E+081
 fkfun:         133   8.0956337398044253E-008   8.7843877463863710E+081
 fkfun:         134   7.1302957183426960E-008   8.7843829815312711E+081
 fkfun:         135   6.9072533021236584E-008   8.7843813805429777E+081
 fkfun:         136   7.0072409489753003E-008   8.7843843801065226E+081
 fkfun:         137   6.9479927780914439E-008   8.7843948639424016E+081
 fkfun:         138   6.9899151823826152E-008   8.7843891063310604E+081
 fkfun:         139   6.9483858612821405E-008   8.7843959101215666E+081
 fkfun:         140   7.0788863930693073E-008   8.7843974789447025E+081
 fkfun:         141   6.9920913432424411E-008   8.7844002268021175E+081
 fkfun:         142   6.9673973413480907E-008   8.7843939008705022E+081
 fkfun:         143   7.0179610486000743E-008   8.7844062693557063E+081
 fkfun:         144   7.0015291162541380E-008   8.7844023612149348E+081
 fkfun:         145   7.0022606393596694E-008   8.7843908895630715E+081
 fkfun:         146   7.0247036305852710E-008   8.7844034388440993E+081
 fkfun:         147   6.9196327845837692E-008   8.7844102914916719E+081
 fkfun:         148   6.9248972312114520E-008   8.7844008208772759E+081
 fkfun:         149   7.0510337520048655E-008   8.7843986037828483E+081
 fkfun:         150   6.9764535098412917E-008   8.7844145092972588E+081
 fkfun:         151   7.0420245092229930E-008   8.7844041717960948E+081
 fkfun:         152   7.0488322646925840E-008   8.7843931526240936E+081
 fkfun:         153   6.9283100046041182E-008   8.7844027225462249E+081
 fkfun:         154   7.0494317610615114E-008   8.7843855474006077E+081
 fkfun:         155   7.0217328218222737E-008   8.7843987106299815E+081
 fkfun:         156   7.0088619794346870E-008   8.7843998795401250E+081
 fkfun:         157   7.0292995453767198E-008   8.7844101818660045E+081
 fkfun:         158   6.9987711990183330E-008   8.7844033456556501E+081
 fkfun:         159   6.9448675582250290E-008   8.7844098807868269E+081
 fkfun:         160   7.0132474242508055E-008   8.7843973342686190E+081
 fkfun:         161   6.9956730386970809E-008   8.7843861070942027E+081
 fkfun:         162   6.9881999956380745E-008   8.7844028212727223E+081
 fkfun:         163   6.6031163604565094E-008   8.7843596805690180E+081
 fkfun:         164   6.7576657745176228E-010   8.7812721553212968E+081
 fkfun:         165   7.2767936178130032E-010   8.7812546103710636E+081
 fkfun:         166   4.6270649899136515E-009   8.7812614034047230E+081
 fkfun:         167   3.6419231194228451E-009   8.7812566403637478E+081
 fkfun:         168   3.0221431165245840E-009   8.7812550495370239E+081
 fkfun:         169   3.4305944736848097E-009   8.7812580389141927E+081
 fkfun:         170   3.0532696252586032E-009   8.7812685131126355E+081
 fkfun:         171   3.1140265809998011E-009   8.7812627640810918E+081
 fkfun:         172   3.2505241672374308E-009   8.7812695693301025E+081
 fkfun:         173   3.5368099600751057E-009   8.7812711411778883E+081
 fkfun:         174   2.9109365170479286E-009   8.7812738775144840E+081
 fkfun:         175   2.4598635048622678E-009   8.7812675669272774E+081
 fkfun:         176   3.1702464927354166E-009   8.7812799204844675E+081
 fkfun:         177   2.8759700340229109E-009   8.7812760183929924E+081
 fkfun:         178   2.8986838449197112E-009   8.7812645505244673E+081
 fkfun:         179   3.3018095659980313E-009   8.7812770768361412E+081
 fkfun:         180   3.0729168487230441E-009   8.7812839235551541E+081
 fkfun:         181   2.9662223557262860E-009   8.7812744440539727E+081
 fkfun:         182   3.6517320437998830E-009   8.7812722282492130E+081
 fkfun:         183   2.7661449763722546E-009   8.7812881191547697E+081
 fkfun:         184   3.4023361274418480E-009   8.7812778177823591E+081
 fkfun:         185   3.5371936426686819E-009   8.7812668175647539E+081
 fkfun:         186   3.0470648782272827E-009   8.7812764101866768E+081
 fkfun:         187   3.1960284487264861E-009   8.7812591597684688E+081
 fkfun:         188   3.2328895872512052E-009   8.7812723292002884E+081
 fkfun:         189   3.1526478659942936E-009   8.7812734886042165E+081
 fkfun:         190   3.1939390357099784E-009   8.7812838557846876E+081
 fkfun:         191   2.8965815513231507E-009   8.7812769464387936E+081
 fkfun:         192   5.3323917234057727E-010   8.7812333510025973E+081
 fkfun:         193   6.8023640471749218E-012   8.7809595996906877E+081
 ier           0
 Solved OK, st:    0.0000000000000000     
 Free_Energy_Calc: Free energy(1) =    4386.1936030111592     
 Free_Energy_Calc: Free energy(2) =    4386.1946077319189     
 Free energy after solving   4386.1936030111592     
 Save OK
 Switch to st =   0.20000000000000001       kp =  -20.000000000000000     
 solve: Enter solver        24334  eqs
 fkfun:           1   309.03369738371157        4.4295337288206410E+091
 fkfun:           2   309.03390786055564        4.4295348361775328E+091
 fkfun:           3   309.03340221572904        4.4295426631336079E+091
 fkfun:           4   309.03369300196931        4.4295390836060667E+091
 fkfun:           5   309.03383674577873        4.4295369760830658E+091
 fkfun:           6   23082.075398022494        2.8841347595311237E+094
 fkfun:           7   23082.063053549933        2.8841225382178690E+094
 fkfun:           8   23082.063053549933        2.8841225382178690E+094
 fkfun:           9   17208.165922024833        1.4775614472788254E+093
 fkfun:          10   17208.159047853183        1.4775556410173431E+093
 fkfun:          11   17208.159047853183        1.4775556410173431E+093
 fkfun:          12   3681.1547657375927        2.0075251230752134E+091
 fkfun:          13   3681.1396383999909        2.0075243746344661E+091
 fkfun:          14   3681.1396383999909        2.0075243746344661E+091
 fkfun:          15   430.95682602148509        1.9526034967223925E+091
 fkfun:          16   430.95264817859072        1.9526035374698606E+091
 fkfun:          17   430.95264817859072        1.9526035374698606E+091
 fkfun:          18   36.393382601934299        2.0044799166047397E+091
 fkfun:          19   36.393825428576697        2.0044789905710218E+091
 fkfun:          20   36.393194832309966        2.0044799335699927E+091
 fkfun:          21   36.393647467515244        2.0044791588881534E+091
 fkfun:          22   3.2789973169484825        2.2656424898544904E+091
 fkfun:          23   3.2788226920735370        2.2656408334592612E+091
 fkfun:          24   3.2789168125470973        2.2656424982225517E+091
 fkfun:          25   3.2790816911461045        2.2656437974075730E+091
 fkfun:          26  0.27976842889518450        2.1774962999729149E+091
 fkfun:          27  0.27974176345720170        2.1774977865244524E+091
 fkfun:          28  0.27974528811350163        2.1774989296193459E+091
 fkfun:          29  0.27976789601886926        2.1774940804151359E+091
 fkfun:          30  0.27977049805307597        2.1774965687945733E+091
 fkfun:          31  0.27975774896883648        2.1774960097444683E+091
 fkfun:          32   4.3429253394876577E-003   2.1633067224765700E+091
 fkfun:          33   4.3411529363696372E-003   2.1633060859475783E+091
 fkfun:          34   4.3455414422614285E-003   2.1633053189856920E+091
 fkfun:          35   4.3416692518214372E-003   2.1633046349534524E+091
 fkfun:          36   4.3428588161052977E-003   2.1633057983370204E+091
 fkfun:          37   4.3413708925129704E-003   2.1633064633507115E+091
 fkfun:          38   4.3427785577767018E-003   2.1633032393084843E+091
 fkfun:          39   4.3420713493407094E-003   2.1633075659557790E+091
 fkfun:          40   4.3430357863085255E-003   2.1633107897293690E+091
 fkfun:          41   4.3424429681910744E-003   2.1633047133515079E+091
 fkfun:          42   4.3429088027021178E-003   2.1633080953752988E+091
 fkfun:          43   4.3430446735153025E-003   2.1633047065639848E+091
 fkfun:          44   4.3429479797639763E-003   2.1633056897932977E+091
 fkfun:          45   4.3427181003162915E-003   2.1633071429121962E+091
 fkfun:          46   4.3429332894350560E-003   2.1633113422591635E+091
 fkfun:          47   4.3423192743169874E-003   2.1633052522796548E+091
 fkfun:          48   2.3648623679831786E-007   2.1423605494236649E+091
 fkfun:          49   2.2283445445565285E-007   2.1423598735612298E+091
 fkfun:          50   2.1887948549394292E-007   2.1423604359877145E+091
 fkfun:          51   2.3671921586725472E-007   2.1423610949976025E+091
 fkfun:          52   2.3966673180865757E-007   2.1423591792692824E+091
 fkfun:          53   2.3336427690980287E-007   2.1423600690761917E+091
 fkfun:          54   2.3679291530092122E-007   2.1423563160897755E+091
 fkfun:          55   2.3452785257415846E-007   2.1423610833622681E+091
 fkfun:          56   2.3523676374483407E-007   2.1423628051991360E+091
 fkfun:          57   2.3318198173959678E-007   2.1423589562709694E+091
 fkfun:          58   2.3557084886778141E-007   2.1423603356664167E+091
 fkfun:          59   2.3233523720858203E-007   2.1423601091839494E+091
 fkfun:          60   2.3605104867404120E-007   2.1423591536405923E+091
 fkfun:          61   2.3456057558817954E-007   2.1423601993097056E+091
 fkfun:          62   2.3676439902720411E-007   2.1423596629573368E+091
 fkfun:          63   2.3512364791646305E-007   2.1423597303903294E+091
 fkfun:          64   2.3742343782001412E-007   2.1423588835874318E+091
 fkfun:          65   2.3418828350191260E-007   2.1423600819292196E+091
 fkfun:          66   2.3990665637378307E-007   2.1423573053920763E+091
 fkfun:          67   2.3606068593898169E-007   2.1423602938532355E+091
 fkfun:          68   2.3991727049413593E-007   2.1423631715095607E+091
 fkfun:          69   2.3885204990274799E-007   2.1423622164783647E+091
 fkfun:          70   2.3427575499656781E-007   2.1423602152852160E+091
 fkfun:          71   9.9521682096000976E-013   2.1422892238374712E+091
 ier           0
 Solved OK, st:   0.20000000000000001     
 Free_Energy_Calc: Free energy(1) =   -570.66277271859144     
 Free_Energy_Calc: Free energy(2) =   -570.66273561204616     
 Free energy after solving  -570.66277271859144     
 Save OK
 Switch to st =   0.40000000000000002       kp =  -20.000000000000000     
 solve: Enter solver        24334  eqs
 fkfun:           1   272.28553850380047        1.2836266207443936E+101
 fkfun:           2   272.28572775381269        1.2836268785791826E+101
 fkfun:           3   272.28525992785137        1.2836286571584936E+101
 fkfun:           4   272.28554582782715        1.2836282647847296E+101
 fkfun:           5   272.28566124711932        1.2836274350403016E+101
 fkfun:           6   18411.178995614941        5.6341358718241781E+102
 fkfun:           7   18411.193093311816        5.6341574343819802E+102
 fkfun:           8   18411.193093311816        5.6341574343819802E+102
 fkfun:           9   13703.576783007988        6.5893310527619087E+101
 fkfun:          10   13703.582081584746        6.5893554821923927E+101
 fkfun:          11   13703.582081584746        6.5893554821923927E+101
 fkfun:          12   128.31062731605118        8.8487248828895433E+100
 fkfun:          13   128.31126349530433        8.8487323766034940E+100
 fkfun:          14   128.31126349530433        8.8487323766034940E+100
 fkfun:          15   51.124234332387353        7.4929512988155661E+100
 fkfun:          16   51.124406667247960        7.4929568644612935E+100
 fkfun:          17   51.124406667247960        7.4929568644612935E+100
 fkfun:          18   27.272989722164816        5.4742224886841987E+100
 fkfun:          19   27.272349904656330        5.4742225871089835E+100
 fkfun:          20   27.272349904656330        5.4742225871089835E+100
 fkfun:          21   2.6396490442412039        5.5039420152682496E+100
 fkfun:          22   2.6397134435368805        5.5039397258219848E+100
 fkfun:          23   2.6396100649696326        5.5039428432366245E+100
 fkfun:          24   2.6396908756964010        5.5039403154013026E+100
 fkfun:          25  0.23437758926533242        5.7251786067116295E+100
 fkfun:          26  0.23435463557218111        5.7251726964873635E+100
 fkfun:          27  0.23435695083932601        5.7251754744879285E+100
 fkfun:          28  0.23437759878227926        5.7251814966449211E+100
 fkfun:          29  0.23437926960696243        5.7251759471884428E+100
 fkfun:          30  0.23437738304190894        5.7251769266447004E+100
 fkfun:          31  0.23437082482138744        5.7251762586606422E+100
 fkfun:          32   3.4722402417577190E-003   5.5683146929125287E+100
 fkfun:          33   3.4707774830685166E-003   5.5683125796197628E+100
 fkfun:          34   3.4702294976897345E-003   5.5683131258126768E+100
 fkfun:          35   3.4722727204866224E-003   5.5683121113983280E+100
 fkfun:          36   3.4717613465556105E-003   5.5683152246138143E+100
 fkfun:          37   3.4726541532890450E-003   5.5683124574989097E+100
 fkfun:          38   3.4721774566165435E-003   5.5683088707993298E+100
 fkfun:          39   3.4721910561873888E-003   5.5683145479914971E+100
 fkfun:          40   3.4722094468415811E-003   5.5683148467541878E+100
 fkfun:          41   3.4722177545776526E-003   5.5683140934882048E+100
 fkfun:          42   3.4720383709355724E-003   5.5683138435169845E+100
 fkfun:          43   3.4721322123126373E-003   5.5683096548649488E+100
 fkfun:          44   3.4722430340562429E-003   5.5683202867004220E+100
 fkfun:          45   3.4721182412328004E-003   5.5683100314543511E+100
 fkfun:          46   3.4722410106050251E-003   5.5683099392038638E+100
 fkfun:          47   3.4722818822980357E-003   5.5683187904927363E+100
 fkfun:          48   3.4724812104965151E-003   5.5683139698971368E+100
 fkfun:          49   3.4725089610105459E-003   5.5683134729621039E+100
 fkfun:          50   3.4723788997924540E-003   5.5683199715869066E+100
 fkfun:          51   3.4721949924802317E-003   5.5683091068456097E+100
 fkfun:          52   3.4720467734818323E-003   5.5683135742339609E+100
 fkfun:          53   3.5124251648873402E-007   5.5283074542204144E+100
 fkfun:          54   3.4660708081544428E-007   5.5283079766753980E+100
 fkfun:          55   3.4067033501795688E-007   5.5283096668052619E+100
 fkfun:          56   3.5228290888089848E-007   5.5283017755940787E+100
 fkfun:          57   3.5361242803846072E-007   5.5283088418478979E+100
 fkfun:          58   3.5053576590486233E-007   5.5283113512243529E+100
 fkfun:          59   3.5172200302530203E-007   5.5283020709877612E+100
 fkfun:          60   3.5095529942963741E-007   5.5283065208379851E+100
 fkfun:          61   3.5103757947727364E-007   5.5283116131003383E+100
 fkfun:          62   3.5179089189738700E-007   5.5283045934090490E+100
 fkfun:          63   3.5186820443236742E-007   5.5283024925215520E+100
 fkfun:          64   3.5179958648558455E-007   5.5283140488930447E+100
 fkfun:          65   3.5246737229911113E-007   5.5283048842756563E+100
 fkfun:          66   3.5156464025098751E-007   5.5283060900374748E+100
 fkfun:          67   3.5235011076148869E-007   5.5283048669022596E+100
 fkfun:          68   3.5244263912071330E-007   5.5283042488314055E+100
 fkfun:          69   3.5125123799579635E-007   5.5283129503334537E+100
 fkfun:          70   3.5191040654901708E-007   5.5283053153756251E+100
 fkfun:          71   3.5392952499026385E-007   5.5283096711136368E+100
 fkfun:          72   3.5423222043147887E-007   5.5283090478374262E+100
 fkfun:          73   3.5003889012639015E-007   5.5283070896418765E+100
 fkfun:          74   7.4118024643798081E-012   5.5280948626159861E+100
 ier           0
 Solved OK, st:   0.40000000000000002     
 Free_Energy_Calc: Free energy(1) =   -5560.8857655638167     
 Free_Energy_Calc: Free energy(2) =   -5560.8857340665400     
 Free energy after solving  -5560.8857655638167     
 Save OK
 Switch to st =   0.50190000000000001       kp =  -20.000000000000000     
 solve: Enter solver        24334  eqs
 fkfun:           1   190.03178154592553        5.9338680673892292E+105
 fkfun:           2   190.03234779323046        5.9338691693282631E+105
 fkfun:           3   190.03135151298767        5.9338687916450068E+105
 fkfun:           4   190.03177606978784        5.9338724168458144E+105
 fkfun:           5   190.03178172972866        5.9338733158135284E+105
 fkfun:           6   190.03198526868678        5.9338712563488255E+105
 fkfun:           7   6750.7268280183762        3.7725038542761765E+105
 fkfun:           8   6750.7487929063018        3.7725075968973575E+105
 fkfun:           9   6750.7487929063018        3.7725075968973575E+105
 fkfun:          10   1176.4094938860449        3.2335817107580288E+105
 fkfun:          11   1176.4162923559643        3.2335819450005948E+105
 fkfun:          12   1176.4162923559643        3.2335819450005948E+105
 fkfun:          13   47.151796154961509        3.2631244260939619E+105
 fkfun:          14   47.152640583034845        3.2631236461266666E+105
 fkfun:          15   47.152640583034845        3.2631236461266666E+105
 fkfun:          16   2.5217717807650835        3.3550676591740548E+105
 fkfun:          17   2.5218524229887409        3.3550650881233533E+105
 fkfun:          18   2.5217350251068660        3.3550680663531525E+105
 fkfun:          19   2.5218090731721832        3.3550660310893017E+105
 fkfun:          20  0.31437688269314312        3.5586631767126782E+105
 fkfun:          21  0.31439075830041058        3.5586647206506973E+105
 fkfun:          22  0.31436138716597828        3.5586623745419169E+105
 fkfun:          23  0.31437400751899780        3.5586656563930604E+105
 fkfun:          24  0.31438046259239505        3.5586636945962545E+105
 fkfun:          25   4.5345457636275815E-002   3.4817077475973531E+105
 fkfun:          26   4.5341109637808880E-002   3.4817084248366277E+105
 fkfun:          27   4.5351345169232921E-002   3.4817068999567257E+105
 fkfun:          28   4.5345146165868905E-002   3.4817055989978185E+105
 fkfun:          29   4.5345221818334003E-002   3.4817070619386131E+105
 fkfun:          30   4.5344819433491501E-002   3.4817076480397722E+105
 fkfun:          31   4.5344811880413775E-002   3.4817075655674730E+105
 fkfun:          32   2.9222599211865259E-003   3.4579052764333872E+105
 fkfun:          33   2.9216465213820963E-003   3.4579047835076908E+105
 fkfun:          34   2.9235861401671575E-003   3.4579057039394802E+105
 fkfun:          35   2.9222400553493310E-003   3.4579050493540190E+105
 fkfun:          36   2.9222910205389577E-003   3.4579019559085046E+105
 fkfun:          37   2.9221472647144460E-003   3.4579072543550338E+105
 fkfun:          38   2.9222136920171223E-003   3.4579044622997426E+105
 fkfun:          39   2.9222157328955643E-003   3.4579050696132101E+105
 fkfun:          40   2.9222986090978805E-003   3.4579055930618271E+105
 fkfun:          41   2.9222174550843903E-003   3.4579103218335737E+105
 fkfun:          42   2.9221783986525087E-003   3.4579049485824309E+105
 fkfun:          43   2.4102616918561992E-005   3.4346710434266013E+105
 fkfun:          44   2.3950960999765238E-005   3.4346710282077171E+105
 fkfun:          45   2.4271415858174036E-005   3.4346693064087083E+105
 fkfun:          46   2.4107379466552217E-005   3.4346692123811937E+105
 fkfun:          47   2.4118074564313154E-005   3.4346744472118746E+105
 fkfun:          48   2.4089471451469809E-005   3.4346743165699533E+105
 fkfun:          49   2.4099246694408314E-005   3.4346658874083041E+105
 fkfun:          50   2.4123354588548166E-005   3.4346714370988350E+105
 fkfun:          51   2.4097517541624706E-005   3.4346708119947228E+105
 fkfun:          52   2.4097203236850068E-005   3.4346703182821215E+105
 fkfun:          53   2.4116690749567239E-005   3.4346727250522667E+105
 fkfun:          54   2.4097275389897968E-005   3.4346677131616974E+105
 fkfun:          55   2.4087510258175636E-005   3.4346748939229203E+105
 fkfun:          56   2.4110884378353923E-005   3.4346682818195264E+105
 fkfun:          57   2.4111406029360568E-005   3.4346706955946223E+105
 fkfun:          58   2.4104325186918952E-005   3.4346740278270621E+105
 fkfun:          59   2.4106568660102106E-005   3.4346684366138572E+105
 fkfun:          60   2.4107273660766897E-005   3.4346731011483826E+105
 fkfun:          61   2.4114773686451033E-005   3.4346735609506218E+105
 fkfun:          62   2.4113137118415222E-005   3.4346716081847893E+105
 fkfun:          63   2.4109771041630431E-005   3.4346732650602654E+105
 fkfun:          64   2.4104195781334719E-005   3.4346692494759097E+105
 fkfun:          65   2.4104034474798912E-005   3.4346732216729151E+105
 fkfun:          66   2.4117727758553422E-005   3.4346731049687397E+105
 fkfun:          67   2.4109055140896819E-005   3.4346640222842227E+105
 fkfun:          68   2.4095655663439417E-005   3.4346732533788474E+105
 fkfun:          69   2.4101237611781910E-005   3.4346673179269522E+105
 fkfun:          70   2.4101943006291532E-005   3.4346760686761452E+105
 fkfun:          71   2.4114262335825839E-005   3.4346693046641800E+105
 fkfun:          72   2.4100731881640206E-005   3.4346689556118388E+105
 fkfun:          73   2.4089125056084902E-005   3.4346706756912663E+105
 fkfun:          74   2.5512110147506609E-012   3.4333576142760842E+105
 ier           0
 Solved OK, st:   0.50190000000000001     
 Free_Energy_Calc: Free energy(1) =   -8122.1446959942168     
 Free_Energy_Calc: Free energy(2) =   -8122.1446997346193     
 Free energy after solving  -8122.1446959942168     
 Save OK
