 Program Crystal
 GIT Version: ff03cb
 MPI OK
  -19.989999999999998     
  -19.989999999999998     
  -19.989999999999998     
  -19.989999999999998     
  -19.989999999999998     
 parser:Reading parameters from DEFINITIONS.txt                                   
 parser:Set stdout = 6
  -19.989999999999998     
  -19.989999999999998     
 parser:Set sigmar = 0.0
 parser:Set seed = 938121
 parser:Set infile = 0
 parser:Set vscan = 2
 parser:Set flagmu = 1
 interaction_00 undefined, use default value of   1.0000000000000000     
 interaction_11 undefined, use default value of   1.0000000000000000     
 dumpcluster undefined, used default:           0
 cluster_same undefined, used default:           0
 interaction_00 undefined, use default value of   1.0000000000000000     
 interaction_11 undefined, use default value of   1.0000000000000000     
 parser:Set nkp = -20.0 0.01 -20.0
  -19.989999999999998     
 parser:Set nst = 4
 interaction_00 undefined, use default value of   1.0000000000000000     
 interaction_11 undefined, use default value of   1.0000000000000000     
 dumpcluster undefined, used default:           0
 cluster_same undefined, used default:           0
 cutoffcluster undefined, used default:   0.0000000000000000     
 interaction_00 undefined, use default value of   1.0000000000000000     
 interaction_11 undefined, use default value of   1.0000000000000000     
 dumpcluster undefined, used default:           0
 cluster_same undefined, used default:           0
 cutoffcluster undefined, used default:   0.0000000000000000     
 cutoffcluster undefined, used default:   0.0000000000000000     
 parser:Set vtkflag = 1
 parser:Set scx = 1
 parser:Set scy = 1
 parser:Set scz = 1
 interaction_00 undefined, use default value of   1.0000000000000000     
 interaction_11 undefined, use default value of   1.0000000000000000     
 dumpcluster undefined, used default:           0
 cluster_same undefined, used default:           0
 cutoffcluster undefined, used default:   0.0000000000000000     
 interaction_00 undefined, use default value of   1.0000000000000000     
 interaction_11 undefined, use default value of   1.0000000000000000     
 dumpcluster undefined, used default:           0
 cluster_same undefined, used default:           0
 cutoffcluster undefined, used default:   0.0000000000000000     
 parser:Set benergy = -0.65
 parser:Set Xucutoff = 2.0
 dumpcluster undefined, used default:           0
 cluster_same undefined, used default:           0
 cutoffcluster undefined, used default:   0.0000000000000000     
 parser:Set long = 12
 parser:Set cuantas = 100000
 parser:Set lseg = 0.154
 parser:Set lsegkai = 0.4
 parser:Set longsv = 6
 interaction_00 undefined, use default value of   1.0000000000000000     
 interaction_11 undefined, use default value of   1.0000000000000000     
 dumpcluster undefined, used default:           0
 cluster_same undefined, used default:           0
 parser:Set cuantassv = 100
 parser:Set readchains = 0
 cutoffcluster undefined, used default:   0.0000000000000000     
 parser:Set randominput = 0
 parser:Set vsol = 0.008
 parser:Set dimx = 23
 parser:Set dimy = 23
 parser:Set dimz = 23
 parser:Set delta = 0.25
 parser:Set dx = 0.0
 parser:Set dy = 0.0
 parser:Set dz = 0.0
 parser:Set transform_type = 1
 parser:Set PBC = 1 1 1 1 1 1
 parser:Set coordinate_system = 2
 parser:Set systemtype = 9
 parser:Set particle           1 pos to   0.0000000000000000        0.0000000000000000        0.0000000000000000     
 parser:Set particle           2 pos to  0.50000000000000000       0.50000000000000000       0.50000000000000000     
 parser:Set particle           1 octahedron size to   5.0400000000000000     
 parser:Set particle           2 octahedron size to   5.0400000000000000     
 parser:Set particle           1 cube size to   3.5640000000000001     
 parser:Set particle           2 cube size to   3.5640000000000001     
 parser:Set particle           1 surface coverage to   5.8499999999999996     
 parser:Set particle           2 surface coverage to   5.8499999999999996     
 parser:Set particle           1 hydrophobicity to   0.0000000000000000     
 parser:Set particle           2 hydrophobicity to   0.0000000000000000     
 parser:Set particle           1 chain lenght to          12
 parser:Set particle           2 chain lenght to           6
 parser:Set seed_lig = 938121
 interaction_00 undefined, use default value of   1.0000000000000000     
 interaction_11 undefined, use default value of   1.0000000000000000     
 dumpcluster undefined, used default:           0
 cluster_same undefined, used default:           0
 cutoffcluster undefined, used default:   0.0000000000000000     
 transform:Volume of a lattice cell in real space   1.5625000000000000E-002 nm^3
 transform:Volume of a lattice cell in transformed space   1.5625000000000000E-002 nm^3
 transform:a / nm    5.7500000000000000     
 transform:b / nm    5.7500000000000000     
 transform:c / nm    5.7500000000000000     
 transform:gama    90.000000000000000     
 transform:b/a   1.0000000000000000     
 transform:c/a   1.0000000000000000     
 transform:cell volume    190.10937500000000      nm^3
 transform:Coordinates of particle           1  in real space    0.0000000000000000        0.0000000000000000        0.0000000000000000     
 transform:Coordinates of particle           2  in real space    2.8750000000000000        2.8750000000000000        2.8750000000000000     
 kais: Kai calculation
 kais: New Xulimit           8
 kais: Sum Xulimit  0.26593352215602678     
 kais: Total Sum  0.26593352215602678     
 Kai OK
 cuboctahedron:Total nanocuboct volumen real space=    39.459111095804822     
 cuboctahedron:Total discretized volumen =   39.081167376512099     
 cuboctahedron:total number of segments in system =   4129.0632461143914     
 cuboctahedron: Total nanocuboct #           1  area   39.212376506309511     
 cuboctahedron: Total nanocuboct #           2  area   39.212376506309511     
 Particle OK
 creador:graftingpoints:
 creador:ncha =         1794
 creador: cpp               1  =          224
 creador: cppini            1  =            1
 creador: cppfin            1  =          224
 creador:!!!!!!!!!!!!!!!!!!!!!!!!!
 creador: cpp               2  =          225
 creador: cppini            2  =          225
 creador: cppfin            2  =          449
 creador:!!!!!!!!!!!!!!!!!!!!!!!!!
 creador: cpp               3  =          225
 creador: cppini            3  =          450
 creador: cppfin            3  =          674
 creador:!!!!!!!!!!!!!!!!!!!!!!!!!
 creador: cpp               4  =          224
 creador: cppini            4  =          675
 creador: cppfin            4  =          898
 creador:!!!!!!!!!!!!!!!!!!!!!!!!!
 creador: cpp               5  =          224
 creador: cppini            5  =          899
 creador: cppfin            5  =         1122
 creador:!!!!!!!!!!!!!!!!!!!!!!!!!
 creador: cpp               6  =          224
 creador: cppini            6  =         1123
 creador: cppfin            6  =         1346
 creador:!!!!!!!!!!!!!!!!!!!!!!!!!
 creador: cpp               7  =          224
 creador: cppini            7  =         1347
 creador: cppfin            7  =         1570
 creador:!!!!!!!!!!!!!!!!!!!!!!!!!
 creador: cpp               8  =          224
 creador: cppini            8  =         1571
 creador: cppfin            8  =         1794
 creador:!!!!!!!!!!!!!!!!!!!!!!!!!
 Graftpoints OK
 Creador OK
 Switch to st =    0.0000000000000000       kp =  -20.000000000000000     
 solve: Enter solver        24334  eqs
 fkfun:           1   1028.1624892190828        1.7790105304702750E+101
 fkfun:           2   1028.1619387119472        1.7790070312633168E+101
 fkfun:           3   1028.1631334880481        1.7790096204385206E+101
 fkfun:           4   1028.1624766943530        1.7790110184795635E+101
 fkfun:           5   1028.1622280164138        1.7790065710632313E+101
 fkfun:           6   395.07466756998144        1.2329807097952063E+096
 fkfun:           7   395.07442533303612        1.2329799557975329E+096
 fkfun:           8   395.07487284479026        1.2329778026645183E+096
 fkfun:           9   395.07468165096276        1.2329789866327088E+096
 fkfun:          10   395.07471577983870        1.2329804894964771E+096
 fkfun:          11   395.07452166853233        1.2329784929014805E+096
 fkfun:          12   14292.206647354533        1.2834873993616715E+097
 fkfun:          13   14292.200909191313        1.2834840744307665E+097
 fkfun:          14   14292.200909191313        1.2834840744307665E+097
 fkfun:          15   9575.9271610366723        3.8518129576247074E+095
 fkfun:          16   9575.9246913889256        3.8518005953615921E+095
 fkfun:          17   9575.9312222253502        3.8518134790119668E+095
 fkfun:          18   9575.9253912327731        3.8518003313719031E+095
 fkfun:          19   828.82031881614500        1.1461331457334834E+093
 fkfun:          20   828.81816902850869        1.1461320622486544E+093
 fkfun:          21   828.81816902850869        1.1461320622486544E+093
 fkfun:          22   242.68690497278726        7.4314440809538033E+092
 fkfun:          23   242.68646843779447        7.4314335097664442E+092
 fkfun:          24   242.68741535147302        7.4314420525704608E+092
 fkfun:          25   242.68670007616723        7.4314330055445741E+092
 fkfun:          26   122.72822392482684        8.0041675514783216E+091
 fkfun:          27   122.72688952235505        8.0041628211679036E+091
 fkfun:          28   122.72914113329396        8.0041567095817441E+091
 fkfun:          29   122.72714815634967        8.0041569716675100E+091
 fkfun:          30   20.993608879846704        6.2008424966532969E+091
 fkfun:          31   20.993446736645925        6.2008321247355603E+091
 fkfun:          32   20.993779889327897        6.2008378796261349E+091
 fkfun:          33   20.993625844903789        6.2008369130696106E+091
 fkfun:          34   20.993619333380952        6.2008394851490875E+091
 fkfun:          35   20.993598786139302        6.2008378030547506E+091
 fkfun:          36   20.993596681377909        6.2008400234093511E+091
 fkfun:          37   20.993571666582714        6.2008238603611916E+091
 fkfun:          38   21.031423766378992        2.7257564286456772E+090
 fkfun:          39   21.031129449575381        2.7257556783348558E+090
 fkfun:          40   21.031129449575381        2.7257556783348558E+090
 fkfun:          41   2.9208420326792024        2.6397109948178515E+090
 fkfun:          42   2.9208032129515078        2.6397076308051664E+090
 fkfun:          43   2.9209084368203002        2.6397051467499525E+090
 fkfun:          44   2.9208251550120066        2.6397082176271564E+090
 fkfun:          45   2.9208205582140532        2.6397042400016932E+090
 fkfun:          46  0.66437047775420943        1.5197745862123911E+090
 fkfun:          47  0.66435658214574822        1.5197704512474814E+090
 fkfun:          48  0.66439116735669956        1.5197727941024223E+090
 fkfun:          49  0.66436910278800387        1.5197730923975584E+090
 fkfun:          50  0.66437534516537111        1.5197742978306018E+090
 fkfun:          51  0.66436891136843612        1.5197754041393017E+090
 fkfun:          52  0.66436726754077113        1.5197692595653451E+090
 fkfun:          53   3.1755570097695134E-002   3.7600550798632918E+089
 fkfun:          54   3.1750892791057993E-002   3.7600535054776972E+089
 fkfun:          55   3.1759593266982335E-002   3.7600530129932032E+089
 fkfun:          56   3.1755669965258415E-002   3.7600505486772206E+089
 fkfun:          57   3.1755334595005312E-002   3.7600522012674523E+089
 fkfun:          58   3.1755949470539419E-002   3.7600544920033025E+089
 fkfun:          59   3.1755107005716883E-002   3.7600535346478951E+089
 fkfun:          60   3.1753874430090437E-002   3.7600501298345374E+089
 fkfun:          61   7.3682334940367261E-004   3.5833934655508018E+089
 fkfun:          62   7.3639091126751312E-004   3.5833862596704744E+089
 fkfun:          63   7.3731012277256655E-004   3.5833905350658556E+089
 fkfun:          64   7.3688261602833361E-004   3.5833922382687280E+089
 fkfun:          65   7.3679229536914917E-004   3.5833917052661965E+089
 fkfun:          66   7.3683458552713590E-004   3.5833907940568846E+089
 fkfun:          67   7.3680446551007371E-004   3.5833930937977482E+089
 fkfun:          68   7.3685128567367716E-004   3.5833936552794074E+089
 fkfun:          69   7.3681606703133225E-004   3.5833923347594254E+089
 fkfun:          70   7.3686188025677850E-004   3.5833898473245996E+089
 fkfun:          71   7.3682633972254252E-004   3.5833910142233162E+089
 fkfun:          72   7.3684464313517072E-004   3.5833928205932482E+089
 fkfun:          73   7.3681824284866943E-004   3.5833904859405597E+089
 fkfun:          74   7.3679016515259329E-004   3.5833897233667951E+089
 fkfun:          75   7.3679019268656080E-004   3.5833936697848995E+089
 fkfun:          76   7.3682175847358995E-004   3.5833939978160735E+089
 fkfun:          77   7.3681838870903065E-004   3.5833894059780771E+089
 fkfun:          78   7.3685011608688267E-004   3.5833911698809104E+089
 fkfun:          79   7.3683072658525220E-004   3.5833974701042582E+089
 fkfun:          80   7.3685714051096815E-004   3.5833936557196859E+089
 fkfun:          81   7.3681079240494967E-004   3.5833887970761080E+089
 fkfun:          82   7.3670978954704645E-004   3.5833833074444909E+089
 fkfun:          83   7.3473502369021033E-006   3.4666841121861679E+089
 fkfun:          84   7.3046961327884823E-006   3.4666770718708185E+089
 fkfun:          85   7.3968420877135549E-006   3.4666812830826576E+089
 fkfun:          86   7.3541331191729836E-006   3.4666829441312090E+089
 fkfun:          87   7.3449398028519287E-006   3.4666823776354889E+089
 fkfun:          88   7.3492321138087223E-006   3.4666815279003894E+089
 fkfun:          89   7.3460305583924894E-006   3.4666837643585457E+089
 fkfun:          90   7.3512544508618856E-006   3.4666843041031298E+089
 fkfun:          91   7.3471313048526670E-006   3.4666829899296603E+089
 fkfun:          92   7.3521969265208767E-006   3.4666805907552800E+089
 fkfun:          93   7.3482303629608683E-006   3.4666817215747495E+089
 fkfun:          94   7.3504795879206782E-006   3.4666834562280238E+089
 fkfun:          95   7.3475551031732657E-006   3.4666812843208617E+089
 fkfun:          96   7.3449821998524788E-006   3.4666805184143967E+089
 fkfun:          97   7.3447338620211601E-006   3.4666843314481639E+089
 fkfun:          98   7.3480664177616754E-006   3.4666846074318555E+089
 fkfun:          99   7.3474897818810884E-006   3.4666801836673319E+089
 fkfun:         100   7.3506889352583950E-006   3.4666818382961121E+089
 fkfun:         101   7.3488588484103501E-006   3.4666881225647524E+089
 fkfun:         102   7.3516781307388985E-006   3.4666838177108850E+089
 fkfun:         103   7.3465648560390250E-006   3.4666796010428599E+089
 fkfun:         104   7.3482320780415960E-006   3.4666843812154557E+089
 fkfun:         105   7.3469721152605625E-006   3.4666858653984931E+089
 fkfun:         106   7.3460480809294344E-006   3.4666821691657019E+089
 fkfun:         107   7.3466113753745838E-006   3.4666849281860508E+089
 fkfun:         108   7.3482745622680650E-006   3.4666855813129539E+089
 fkfun:         109   7.3485839175912741E-006   3.4666825960467364E+089
 fkfun:         110   7.3360465763754644E-006   3.4666742335515033E+089
 fkfun:         111   7.3542727919911160E-008   3.4551504100170639E+089
 fkfun:         112   6.9492669346534654E-008   3.4551433885382638E+089
 fkfun:         113   7.9483710031888123E-008   3.4551475915272102E+089
 fkfun:         114   7.5092036359035832E-008   3.4551492449072802E+089
 fkfun:         115   7.3978821625458792E-008   3.4551486759475599E+089
 fkfun:         116   7.4385063542651953E-008   3.4551478333415734E+089
 fkfun:         117   7.4021611276821833E-008   3.4551500644690317E+089
 fkfun:         118   7.4849600401323883E-008   3.4551505965930117E+089
 fkfun:         119   7.4249118944699403E-008   3.4551492875888493E+089
 fkfun:         120   7.4817224003087613E-008   3.4551469073041951E+089
 fkfun:         121   7.4365019696272975E-008   3.4551480263801711E+089
 fkfun:         122   7.4701408566766778E-008   3.4551497447946396E+089
 fkfun:         123   7.4326704988524904E-008   3.4551475936152062E+089
 fkfun:         124   7.4148177074982708E-008   3.4551468401507787E+089
 fkfun:         125   7.4002742875245492E-008   3.4551506421343072E+089
 fkfun:         126   7.4463908075526138E-008   3.4551509116123713E+089
 fkfun:         127   7.4270805400707846E-008   3.4551465039248522E+089
 fkfun:         128   7.4626949568618866E-008   3.4551481474901172E+089
 fkfun:         129   7.4423683965313985E-008   3.4551544151012891E+089
 fkfun:         130   7.4843114502146324E-008   3.4551500957143866E+089
 fkfun:         131   7.4380445995177787E-008   3.4551459083399605E+089
 fkfun:         132   7.4496600014081552E-008   3.4551507117884217E+089
 fkfun:         133   7.4388848635789372E-008   3.4551521352469044E+089
 fkfun:         134   7.4320958506191708E-008   3.4551484616461417E+089
 fkfun:         135   7.4399399907091681E-008   3.4551512241808065E+089
 fkfun:         136   7.4460247520032082E-008   3.4551518664627221E+089
 fkfun:         137   7.4501683120505130E-008   3.4551488812221258E+089
 fkfun:         138   7.4767485413727906E-008   3.4551500178662761E+089
 fkfun:         139   7.4219156321701017E-008   3.4551510290981890E+089
 fkfun:         140   7.2416159157243473E-008   3.4551405595717856E+089
 fkfun:         141   7.3610995157799399E-010   3.4539976380602672E+089
 fkfun:         142   5.4664621186710095E-010   3.4539906165360928E+089
 fkfun:         143   2.3203180106601957E-009   3.4539948211425105E+089
 fkfun:         144   1.7636877041131258E-009   3.4539964717755664E+089
 fkfun:         145   1.4554155430422122E-009   3.4539959048747362E+089
 fkfun:         146   1.4752030731729629E-009   3.4539950606107926E+089
 fkfun:         147   1.3950606598486464E-009   3.4539972901713402E+089
 fkfun:         148   1.7823181482449700E-009   3.4539978254831470E+089
 fkfun:         149   1.5346716005512995E-009   3.4539965199366438E+089
 fkfun:         150   1.6501767425144255E-009   3.4539941368697313E+089
 fkfun:         151   1.5539597320421877E-009   3.4539952521228027E+089
 fkfun:         152   1.6954787651879292E-009   3.4539969747023895E+089
 fkfun:         153   1.5788247881595215E-009   3.4539948278218528E+089
 fkfun:         154   1.6385448161781745E-009   3.4539940702771863E+089
 fkfun:         155   1.5029375726764971E-009   3.4539978719769795E+089
 fkfun:         156   1.6796313283293657E-009   3.4539981434124473E+089
 fkfun:         157   1.5234915229480583E-009   3.4539937381274076E+089
 fkfun:         158   1.5970759163662852E-009   3.4539953760186923E+089
 fkfun:         159   1.5527970780822672E-009   3.4540016473655856E+089
 fkfun:         160   1.7334129431346408E-009   3.4539973212114661E+089
 fkfun:         161   1.7351894210234668E-009   3.4539931349707304E+089
 fkfun:         162   1.6922594810246312E-009   3.4539979533069819E+089
 fkfun:         163   1.7097536154033911E-009   3.4539993486519143E+089
 fkfun:         164   1.7171918722829761E-009   3.4539956887034873E+089
 fkfun:         165   1.7510124409881577E-009   3.4539984533399357E+089
 fkfun:         166   1.6533262673607703E-009   3.4539990884059495E+089
 fkfun:         167   6.2732357480703175E-010   3.4539877886008053E+089
 fkfun:         168   7.3736768419971850E-012   3.4538822954979474E+089
 ier           0
 Solved OK, st:    0.0000000000000000     
 Free_Energy_Calc: Free energy(1) =    152.95289114357638     
 Free_Energy_Calc: Free energy(2) =    152.95372229897930     
 Free energy after solving   152.95289114357638     
 Save OK
 Switch to st =   0.20000000000000001       kp =  -20.000000000000000     
 solve: Enter solver        24334  eqs
 fkfun:           1   153.66275791530080        1.2557787201130344E+097
 fkfun:           2   153.66299859582966        1.2557795140131240E+097
 fkfun:           3   153.66257062095636        1.2557786222752587E+097
 fkfun:           4   153.66293758040044        1.2557794362978164E+097
 fkfun:           5   3324.9450822616036        7.2613153520522697E+096
 fkfun:           6   3324.9332138824429        7.2613100902088070E+096
 fkfun:           7   3324.9332138824429        7.2613100902088070E+096
 fkfun:           8   480.46129946532005        6.6046948983796589E+096
 fkfun:           9   480.45779762888395        6.6046944317670477E+096
 fkfun:          10   480.45779762888395        6.6046944317670477E+096
 fkfun:          11   49.126738723686287        6.6069533193488922E+096
 fkfun:          12   49.126196475866188        6.6069532810880445E+096
 fkfun:          13   49.126196475866188        6.6069532810880445E+096
 fkfun:          14   4.7044637192623471        6.6148067645953907E+096
 fkfun:          15   4.7043631037229581        6.6148066137025391E+096
 fkfun:          16   4.7043631037229581        6.6148066137025391E+096
 fkfun:          17  0.84552735655230549        6.6049129109159418E+096
 fkfun:          18  0.84551726630832624        6.6049098390704496E+096
 fkfun:          19  0.84552486126831850        6.6049133872841875E+096
 fkfun:          20  0.84551820341124584        6.6049098977787041E+096
 fkfun:          21  0.19635133793729304        6.1905797981373918E+096
 fkfun:          22  0.19634352364832236        6.1905755526436048E+096
 fkfun:          23  0.19636254922891366        6.1905770001043793E+096
 fkfun:          24  0.19635031473776327        6.1905772757721713E+096
 fkfun:          25  0.19635205316562426        6.1905818459467013E+096
 fkfun:          26  0.19634844997136053        6.1905744921180313E+096
 fkfun:          27   8.6078653323452981E-003   5.5371968509223729E+096
 fkfun:          28   8.6063272786682330E-003   5.5371922686897986E+096
 fkfun:          29   8.6097849852733912E-003   5.5371962994743389E+096
 fkfun:          30   8.6078192855479976E-003   5.5371947056360387E+096
 fkfun:          31   8.6079080343133326E-003   5.5371926271152342E+096
 fkfun:          32   8.6078942157977751E-003   5.5371972430337839E+096
 fkfun:          33   8.6079274886846358E-003   5.5372028710256258E+096
 fkfun:          34   8.6078685726197358E-003   5.5371876273792490E+096
 fkfun:          35   8.6074584066021566E-003   5.5371923405877846E+096
 fkfun:          36   9.4206749241175299E-005   5.3515769299010844E+096
 fkfun:          37   9.3952877640432751E-005   5.3515734553526774E+096
 fkfun:          38   9.4448159175294528E-005   5.3515803094898886E+096
 fkfun:          39   9.4191410002270409E-005   5.3515804717963572E+096
 fkfun:          40   9.4214318204305966E-005   5.3515683145872505E+096
 fkfun:          41   9.4222819938058212E-005   5.3515778981721086E+096
 fkfun:          42   9.4207606046556758E-005   5.3515775081130742E+096
 fkfun:          43   9.4225826332019859E-005   5.3515727530458738E+096
 fkfun:          44   9.4223717976858138E-005   5.3515738121219033E+096
 fkfun:          45   9.4240977425621620E-005   5.3515749596034622E+096
 fkfun:          46   9.4175152341566186E-005   5.3515701207074602E+096
 fkfun:          47   9.4232491706508221E-005   5.3515779339243324E+096
 fkfun:          48   9.4175508698610008E-005   5.3515784188937503E+096
 fkfun:          49   9.4216447275037802E-005   5.3515695318937599E+096
 fkfun:          50   9.4197741725851155E-005   5.3515745475321415E+096
 fkfun:          51   9.4233862111429233E-005   5.3515801099421281E+096
 fkfun:          52   9.4189945280420172E-005   5.3515739044742131E+096
 fkfun:          53   9.4218641841049695E-005   5.3515737846502953E+096
 fkfun:          54   9.4200083743922169E-005   5.3515780376643803E+096
 fkfun:          55   9.4229693218193455E-005   5.3515767036175861E+096
 fkfun:          56   9.4204475952559328E-005   5.3515779553236802E+096
 fkfun:          57   9.4228348069293500E-005   5.3515805256696978E+096
 fkfun:          58   9.4225453471180677E-005   5.3515752058539675E+096
 fkfun:          59   9.4174223118080567E-005   5.3515758737770266E+096
 fkfun:          60   2.8892409514709282E-011   5.3454633205481623E+096
 ier           0
 Solved OK, st:   0.20000000000000001     
 Free_Energy_Calc: Free energy(1) =   -2688.7942674379901     
 Free_Energy_Calc: Free energy(2) =   -2688.7941037565874     
 Free energy after solving  -2688.7942674379901     
 Save OK
 Switch to st =   0.40000000000000002       kp =  -20.000000000000000     
 solve: Enter solver        24334  eqs
 fkfun:           1   149.25878971871737        2.5905017106684988E+104
 fkfun:           2   149.25903523463990        2.5905034779163653E+104
 fkfun:           3   149.25859228771154        2.5905009331110914E+104
 fkfun:           4   149.25897154288467        2.5905031917432615E+104
 fkfun:           5   958.24142390006341        1.3532628830518635E+104
 fkfun:           6   958.23530084656863        1.3532626238367810E+104
 fkfun:           7   958.23530084656863        1.3532626238367810E+104
 fkfun:           8   171.37337755862958        1.3270420279350750E+104
 fkfun:           9   171.37197222659896        1.3270419033361491E+104
 fkfun:          10   171.37197222659896        1.3270419033361491E+104
 fkfun:          11   18.288440684125629        1.3120009169906465E+104
 fkfun:          12   18.288205427464721        1.3120007729806370E+104
 fkfun:          13   18.288205427464721        1.3120007729806370E+104
 fkfun:          14   2.3443960386356832        1.2940820432843011E+104
 fkfun:          15   2.3443670423297558        1.2940814994827060E+104
 fkfun:          16   2.3444236604581361        1.2940814005717960E+104
 fkfun:          17   2.3443800104202488        1.2940813262127107E+104
 fkfun:          18  0.39965674691330311        1.1352751040236817E+104
 fkfun:          19  0.39964013491292627        1.1352752271288988E+104
 fkfun:          20  0.39967246299524190        1.1352741457498341E+104
 fkfun:          21  0.39965865836602676        1.1352744209477526E+104
 fkfun:          22  0.39965200212659696        1.1352746022511455E+104
 fkfun:          23   4.4685320616488416E-002   1.0627163765830364E+104
 fkfun:          24   4.4680440638488590E-002   1.0627154166930422E+104
 fkfun:          25   4.4690252481127533E-002   1.0627157355268908E+104
 fkfun:          26   4.4684917839746270E-002   1.0627165614170818E+104
 fkfun:          27   4.4684836940252520E-002   1.0627167419497184E+104
 fkfun:          28   4.4684021558577987E-002   1.0627154141365512E+104
 fkfun:          29   3.5067014049714918E-003   1.0031651885942302E+104
 fkfun:          30   3.5055124478890970E-003   1.0031645168857369E+104
 fkfun:          31   3.5079812279648495E-003   1.0031651101907091E+104
 fkfun:          32   3.5066077474586997E-003   1.0031647336725052E+104
 fkfun:          33   3.5065499448719093E-003   1.0031651577122603E+104
 fkfun:          34   3.5069484831806268E-003   1.0031646345032794E+104
 fkfun:          35   3.5064293634608579E-003   1.0031650840319601E+104
 fkfun:          36   3.5064023195409341E-003   1.0031644540878072E+104
 fkfun:          37   3.1677951741901071E-005   9.8622932468979899E+103
 fkfun:          38   3.1593942682995480E-005   9.8623016224119519E+103
 fkfun:          39   3.1782791389414831E-005   9.8622719020106860E+103
 fkfun:          40   3.1677510203402470E-005   9.8622990614965393E+103
 fkfun:          41   3.1678857232745655E-005   9.8622945016207521E+103
 fkfun:          42   3.1677485003474436E-005   9.8622784796297693E+103
 fkfun:          43   3.1675865398194122E-005   9.8623110933937955E+103
 fkfun:          44   3.1678909320920025E-005   9.8622905145665187E+103
 fkfun:          45   3.1681788205697695E-005   9.8622768049932879E+103
 fkfun:          46   3.1678493393472675E-005   9.8623008298215459E+103
 fkfun:          47   3.1679309502940373E-005   9.8622920379674639E+103
 fkfun:          48   3.1681743801416899E-005   9.8622801165788508E+103
 fkfun:          49   3.1673886535263880E-005   9.8622973678237307E+103
 fkfun:          50   3.1674563092074916E-005   9.8622933500290059E+103
 fkfun:          51   3.1680432304849255E-005   9.8622858241576603E+103
 fkfun:          52   3.1679515214475093E-005   9.8622863958917075E+103
 fkfun:          53   3.1685754925608014E-005   9.8622955232523481E+103
 fkfun:          54   3.1668317401396259E-005   9.8623003987268592E+103
 fkfun:          55   3.1680621987826737E-005   9.8622892611807174E+103
 fkfun:          56   3.1690830584515760E-005   9.8622982809777262E+103
 fkfun:          57   3.1671934414179837E-005   9.8622909256457084E+103
 fkfun:          58   3.1680649625884690E-005   9.8622857663216431E+103
 fkfun:          59   3.1667640677987659E-005   9.8622878518883433E+103
 fkfun:          60   3.1672678891966892E-005   9.8623025219835438E+103
 fkfun:          61   3.1676389348548661E-005   9.8622845983748725E+103
 fkfun:          62   3.1682561163860347E-005   9.8622837057705404E+103
 fkfun:          63   3.1655372804102002E-005   9.8622924065423368E+103
 fkfun:          64   1.6957561379066009E-012   9.8599360807513590E+103
 ier           0
 Solved OK, st:   0.40000000000000002     
 Free_Energy_Calc: Free energy(1) =   -5567.5480753949669     
 Free_Energy_Calc: Free energy(2) =   -5567.5480818739998     
 Free energy after solving  -5567.5480753949669     
 Save OK
 Switch to st =   0.50190000000000001       kp =  -20.000000000000000     
 solve: Enter solver        24334  eqs
 fkfun:           1   74.757691340992622        9.8907537316384159E+107
 fkfun:           2   74.757476373622680        9.8907481955165659E+107
 fkfun:           3   74.757476373622680        9.8907481955165659E+107
 fkfun:           4   11.011104766997155        7.6224805037433114E+107
 fkfun:           5   11.010978803427811        7.6224794415707153E+107
 fkfun:           6   11.011188524576177        7.6224746125356493E+107
 fkfun:           7   11.011107545318925        7.6224803683407387E+107
 fkfun:           8   11.011045553470559        7.6224764148924170E+107
 fkfun:           9  0.76300226337287191        6.3233233394245880E+107
 fkfun:          10  0.76297532822112235        6.3233241650231852E+107
 fkfun:          11  0.76302582171747901        6.3233215943269213E+107
 fkfun:          12  0.76300075648822041        6.3233217443909643E+107
 fkfun:          13  0.76300291586913727        6.3233165357048676E+107
 fkfun:          14  0.76300464186916683        6.3233219562609851E+107
 fkfun:          15  0.76300561733177685        6.3233233205303434E+107
 fkfun:          16  0.76299600144956914        6.3233213966693599E+107
 fkfun:          17   1.6055366496339422E-002   5.8668175868008076E+107
 fkfun:          18   1.6053636582641657E-002   5.8668179574201025E+107
 fkfun:          19   1.6057876040009068E-002   5.8668158383351526E+107
 fkfun:          20   1.6055516324602968E-002   5.8668125437642185E+107
 fkfun:          21   1.6055023810428913E-002   5.8668162879075722E+107
 fkfun:          22   1.6055122215068673E-002   5.8668183580538539E+107
 fkfun:          23   1.6055485034405528E-002   5.8668198183572741E+107
 fkfun:          24   1.6055128631940925E-002   5.8668274998909362E+107
 fkfun:          25   1.6055320827688346E-002   5.8668210282217747E+107
 fkfun:          26   1.6055476343548512E-002   5.8668109028475523E+107
 fkfun:          27   1.6055606410517811E-002   5.8668238482306254E+107
 fkfun:          28   1.6055295522772163E-002   5.8668161869281580E+107
 fkfun:          29   1.6055465311866718E-002   5.8668125038097988E+107
 fkfun:          30   1.6055428730066310E-002   5.8668242949931034E+107
 fkfun:          31   1.6055271175942350E-002   5.8668160428809463E+107
 fkfun:          32   1.6055401852387699E-002   5.8668161661756274E+107
 fkfun:          33   1.6054930474201642E-002   5.8668162595126837E+107
 fkfun:          34   1.7373801841679852E-004   5.7794437160082720E+107
 fkfun:          35   1.7354184496554644E-004   5.7794436939946467E+107
 fkfun:          36   1.7402399498634897E-004   5.7794425856992578E+107
 fkfun:          37   1.7375025097298520E-004   5.7794396571942285E+107
 fkfun:          38   1.7369407737912455E-004   5.7794415486219417E+107
 fkfun:          39   1.7370868190422499E-004   5.7794445326700221E+107
 fkfun:          40   1.7374577996000850E-004   5.7794454710568627E+107
 fkfun:          41   1.7370907026568422E-004   5.7794536055163599E+107
 fkfun:          42   1.7373066055190604E-004   5.7794454989891830E+107
 fkfun:          43   1.7375473120801653E-004   5.7794398717580817E+107
 fkfun:          44   1.7376333093613173E-004   5.7794499553092171E+107
 fkfun:          45   1.7373774645800316E-004   5.7794400594018572E+107
 fkfun:          46   1.7375221453381264E-004   5.7794390633800873E+107
 fkfun:          47   1.7374355324733536E-004   5.7794511944270861E+107
 fkfun:          48   1.7373158330028117E-004   5.7794418517087544E+107
 fkfun:          49   1.7374470967603596E-004   5.7794425230807425E+107
 fkfun:          50   1.7373109315257709E-004   5.7794472770411182E+107
 fkfun:          51   1.7373345048222734E-004   5.7794384850655052E+107
 fkfun:          52   1.7376497887952816E-004   5.7794449968701975E+107
 fkfun:          53   1.7374139256733234E-004   5.7794489666830840E+107
 fkfun:          54   1.7373119589049821E-004   5.7794354762350473E+107
 fkfun:          55   1.7375009970219541E-004   5.7794515669329187E+107
 fkfun:          56   1.7369252836200381E-004   5.7794424258726172E+107
 fkfun:          57   1.7676286730774385E-006   5.7705853266896317E+107
 fkfun:          58   1.7477657311401449E-006   5.7705852416120224E+107
 fkfun:          59   1.7974856520272969E-006   5.7705842493993371E+107
 fkfun:          60   1.7694568976962227E-006   5.7705813585659683E+107
 fkfun:          61   1.7636750743765023E-006   5.7705831484346833E+107
 fkfun:          62   1.7650987918686846E-006   5.7705860798093859E+107
 fkfun:          63   1.7690702318564528E-006   5.7705870518128798E+107
 fkfun:          64   1.7652301788954450E-006   5.7705953168917507E+107
 fkfun:          65   1.7673241421559321E-006   5.7705870420770831E+107
 fkfun:          66   1.7699335605024085E-006   5.7705816976037085E+107
 fkfun:          67   1.7709312586857889E-006   5.7705916148184569E+107
 fkfun:          68   1.7681868822497700E-006   5.7705813220966238E+107
 fkfun:          69   1.7696694705458399E-006   5.7705808413026020E+107
 fkfun:          70   1.7689305702991333E-006   5.7705928322810169E+107
 fkfun:          71   1.7674835447879200E-006   5.7705834849733846E+107
 fkfun:          72   1.7689586220557699E-006   5.7705840992008060E+107
 fkfun:          73   1.7675359003317629E-006   5.7705889445200335E+107
 fkfun:          74   1.7678017849627912E-006   5.7705802541979209E+107
 fkfun:          75   1.7710115198347290E-006   5.7705865409238684E+107
 fkfun:          76   1.7685521468652875E-006   5.7705904360997730E+107
 fkfun:          77   1.7677012753950895E-006   5.7705770010021241E+107
 fkfun:          78   1.7695240148857375E-006   5.7705935376546138E+107
 fkfun:          79   1.7683289953874582E-006   5.7705893235759296E+107
 fkfun:          80   1.7678241005918958E-006   5.7705779533604998E+107
 fkfun:          81   1.7676054213496553E-006   5.7705942142856579E+107
 fkfun:          82   1.7695241791303057E-006   5.7705953417519607E+107
 fkfun:          83   1.7630317914575618E-006   5.7705840202941798E+107
 fkfun:          84   1.7748465196657407E-008   5.7696819162385491E+107
 fkfun:          85   1.5896458821451658E-008   5.7696818280058696E+107
 fkfun:          86   2.1523628205155001E-008   5.7696808442183775E+107
 fkfun:          87   1.8561173993413216E-008   5.7696779535518938E+107
 fkfun:          88   1.7926546274477020E-008   5.7696797415416266E+107
 fkfun:          89   1.8029454335993500E-008   5.7696826517286676E+107
 fkfun:          90   1.8585109606440649E-008   5.7696836357506477E+107
 fkfun:          91   1.8053182511757565E-008   5.7696919412438984E+107
 fkfun:          92   1.8126389778990415E-008   5.7696836462189143E+107
 fkfun:          93   1.8545939013886552E-008   5.7696782833743701E+107
 fkfun:          94   1.8817677774429038E-008   5.7696882281456823E+107
 fkfun:          95   1.8363081336311430E-008   5.7696778804698522E+107
 fkfun:          96   1.8520292251255797E-008   5.7696774330143517E+107
 fkfun:          97   1.8633882122092813E-008   5.7696894508181674E+107
 fkfun:          98   1.8256403130225199E-008   5.7696800835332646E+107
 fkfun:          99   1.8537273292801357E-008   5.7696806725090738E+107
 fkfun:         100   1.8364061078895671E-008   5.7696855407243190E+107
 fkfun:         101   1.8399655990495813E-008   5.7696768677770920E+107
 fkfun:         102   1.8735132812032518E-008   5.7696831068919055E+107
 fkfun:         103   1.8431087175246375E-008   5.7696870339291021E+107
 fkfun:         104   1.8415357900634570E-008   5.7696735862671373E+107
 fkfun:         105   1.8585964915950516E-008   5.7696901603326798E+107
 fkfun:         106   1.8473766511844903E-008   5.7696858430648125E+107
 fkfun:         107   1.8330343307175743E-008   5.7696745872485102E+107
 fkfun:         108   1.8381231183750118E-008   5.7696907828270776E+107
 fkfun:         109   1.8583241467715658E-008   5.7696919146797440E+107
 fkfun:         110   1.8336461507545065E-008   5.7696780603570790E+107
 fkfun:         111   1.8389461733556378E-008   5.7696807309165605E+107
 fkfun:         112   1.7290452336343429E-008   5.7696806095137610E+107
 fkfun:         113   1.7787496404385949E-010   5.7695913728804512E+107
 ier           0
 Solved OK, st:   0.50190000000000001     
 Free_Energy_Calc: Free energy(1) =   -7065.2478838220568     
 Free_Energy_Calc: Free energy(2) =   -7065.2484032216489     
 Free energy after solving  -7065.2478838220568     
 Save OK
Note: The following floating-point exceptions are signalling: IEEE_INVALID_FLAG IEEE_DIVIDE_BY_ZERO
 Program Crystal
 GIT Version: ff03cb
 MPI OK
 parser:Reading parameters from DEFINITIONS.txt                                   
  -19.989999999999998     
 parser:Set stdout = 6
 parser:Set sigmar = 0.0
 parser:Set seed = 938121
  -19.989999999999998     
 parser:Set infile = 0
 parser:Set vscan = 2
 parser:Set flagmu = 1
  -19.989999999999998     
  -19.989999999999998     
 parser:Set nkp = -20.0 0.01 -20.0
  -19.989999999999998     
 parser:Set nst = 4
  -19.989999999999998     
 parser:Set vtkflag = 1
 parser:Set scx = 1
 parser:Set scy = 1
  -19.989999999999998     
 parser:Set scz = 1
 parser:Set benergy = -0.65
 parser:Set Xucutoff = 2.0
 parser:Set long = 12
 parser:Set cuantas = 100000
 parser:Set lseg = 0.154
 parser:Set lsegkai = 0.4
 parser:Set longsv = 6
 parser:Set cuantassv = 100
 parser:Set readchains = 0
 parser:Set randominput = 0
 interaction_00 undefined, use default value of   1.0000000000000000     
 interaction_11 undefined, use default value of   1.0000000000000000     
 dumpcluster undefined, used default:           0
 cluster_same undefined, used default:           0
 cutoffcluster undefined, used default:   0.0000000000000000     
 interaction_00 undefined, use default value of   1.0000000000000000     
 interaction_11 undefined, use default value of   1.0000000000000000     
 dumpcluster undefined, used default:           0
 cluster_same undefined, used default:           0
  -19.989999999999998     
 parser:Set vsol = 0.008
 parser:Set dimx = 40
 parser:Set dimy = 40
 parser:Set dimz = 40
 parser:Set delta = 0.25
 parser:Set dx = 0.0
 parser:Set dy = 0.0
 interaction_00 undefined, use default value of   1.0000000000000000     
 interaction_11 undefined, use default value of   1.0000000000000000     
 cutoffcluster undefined, used default:   0.0000000000000000     
 parser:Set dz = 0.0
 parser:Set transform_type = 1
 parser:Set PBC = 1 1 1 1 1 1
 interaction_00 undefined, use default value of   1.0000000000000000     
 interaction_11 undefined, use default value of   1.0000000000000000     
 dumpcluster undefined, used default:           0
 cluster_same undefined, used default:           0
 cutoffcluster undefined, used default:   0.0000000000000000     
 dumpcluster undefined, used default:           0
 cluster_same undefined, used default:           0
 cutoffcluster undefined, used default:   0.0000000000000000     
 parser:Set coordinate_system = 2
 parser:Set systemtype = 9
 interaction_00 undefined, use default value of   1.0000000000000000     
 interaction_11 undefined, use default value of   1.0000000000000000     
 dumpcluster undefined, used default:           0
 cluster_same undefined, used default:           0
 cutoffcluster undefined, used default:   0.0000000000000000     
 parser:Set particle           1 pos to   0.0000000000000000        0.0000000000000000        0.0000000000000000     
 parser:Set particle           2 pos to  0.50000000000000000       0.50000000000000000       0.50000000000000000     
 parser:Set particle           1 octahedron size to   5.0400000000000000     
 parser:Set particle           2 octahedron size to   5.0400000000000000     
 parser:Set particle           1 cube size to   3.5640000000000001     
 interaction_00 undefined, use default value of   1.0000000000000000     
 interaction_11 undefined, use default value of   1.0000000000000000     
 dumpcluster undefined, used default:           0
 parser:Set particle           2 cube size to   3.5640000000000001     
 cluster_same undefined, used default:           0
 cutoffcluster undefined, used default:   0.0000000000000000     
 parser:Set particle           1 surface coverage to   5.8499999999999996     
 parser:Set particle           2 surface coverage to   5.8499999999999996     
 parser:Set particle           1 hydrophobicity to   0.0000000000000000     
 parser:Set particle           2 hydrophobicity to   0.0000000000000000     
 parser:Set particle           1 chain lenght to          12
 interaction_00 undefined, use default value of   1.0000000000000000     
 interaction_11 undefined, use default value of   1.0000000000000000     
 parser:Set particle           2 chain lenght to           6
 dumpcluster undefined, used default:           0
 cluster_same undefined, used default:           0
 cutoffcluster undefined, used default:   0.0000000000000000     
 parser:Set seed_lig = 938121
 interaction_00 undefined, use default value of   1.0000000000000000     
 interaction_11 undefined, use default value of   1.0000000000000000     
 dumpcluster undefined, used default:           0
 cluster_same undefined, used default:           0
 cutoffcluster undefined, used default:   0.0000000000000000     
 transform:Volume of a lattice cell in real space   1.5625000000000000E-002 nm^3
 transform:Volume of a lattice cell in transformed space   1.5625000000000000E-002 nm^3
 transform:a / nm    10.000000000000000     
 transform:b / nm    10.000000000000000     
 transform:c / nm    10.000000000000000     
 transform:gama    90.000000000000000     
 transform:b/a   1.0000000000000000     
 transform:c/a   1.0000000000000000     
 transform:cell volume    1000.0000000000000      nm^3
 transform:Coordinates of particle           1  in real space    0.0000000000000000        0.0000000000000000        0.0000000000000000     
 transform:Coordinates of particle           2  in real space    5.0000000000000000        5.0000000000000000        5.0000000000000000     
 kais: Kai calculation
mpirun: Forwarding signal 20 to job
 Program Crystal
 GIT Version: ff03cb
 MPI OK
  -19.989999999999998     
 parser:Reading parameters from DEFINITIONS.txt                                   
  -19.989999999999998     
  -19.989999999999998     
  -19.989999999999998     
  -19.989999999999998     
 parser:Set stdout = 6
 parser:Set sigmar = 0.0
 parser:Set seed = 938121
 parser:Set infile = 0
 parser:Set vscan = 2
 parser:Set flagmu = 1
  -19.989999999999998     
  -19.989999999999998     
 parser:Set nkp = -20.0 0.01 -20.0
  -19.989999999999998     
 parser:Set nst = 4
 parser:Set vtkflag = 1
 parser:Set scx = 1
 parser:Set scy = 1
 interaction_00 undefined, use default value of   1.0000000000000000     
 interaction_11 undefined, use default value of   1.0000000000000000     
 dumpcluster undefined, used default:           0
 cluster_same undefined, used default:           0
 cutoffcluster undefined, used default:   0.0000000000000000     
 interaction_00 undefined, use default value of   1.0000000000000000     
 interaction_11 undefined, use default value of   1.0000000000000000     
 dumpcluster undefined, used default:           0
 cluster_same undefined, used default:           0
 cutoffcluster undefined, used default:   0.0000000000000000     
 interaction_00 undefined, use default value of   1.0000000000000000     
 interaction_11 undefined, use default value of   1.0000000000000000     
 dumpcluster undefined, used default:           0
 cluster_same undefined, used default:           0
 parser:Set scz = 1
 parser:Set benergy = -0.65
 parser:Set Xucutoff = 2.0
 parser:Set long = 12
 parser:Set cuantas = 100000
 cutoffcluster undefined, used default:   0.0000000000000000     
 interaction_00 undefined, use default value of   1.0000000000000000     
 interaction_11 undefined, use default value of   1.0000000000000000     
 dumpcluster undefined, used default:           0
 cluster_same undefined, used default:           0
 cutoffcluster undefined, used default:   0.0000000000000000     
 parser:Set lseg = 0.154
 parser:Set lsegkai = 0.4
 parser:Set longsv = 6
 interaction_00 undefined, use default value of   1.0000000000000000     
 interaction_11 undefined, use default value of   1.0000000000000000     
 dumpcluster undefined, used default:           0
 cluster_same undefined, used default:           0
 parser:Set cuantassv = 100
 parser:Set readchains = 0
 parser:Set randominput = 0
 interaction_00 undefined, use default value of   1.0000000000000000     
 interaction_11 undefined, use default value of   1.0000000000000000     
 dumpcluster undefined, used default:           0
 cluster_same undefined, used default:           0
 cutoffcluster undefined, used default:   0.0000000000000000     
 cutoffcluster undefined, used default:   0.0000000000000000     
 parser:Set vsol = 0.008
 parser:Set dimx = 40
 parser:Set dimy = 40
 parser:Set dimz = 40
 parser:Set delta = 0.25
 interaction_00 undefined, use default value of   1.0000000000000000     
 interaction_11 undefined, use default value of   1.0000000000000000     
 parser:Set dx = 0.0
 parser:Set dy = 0.0
 parser:Set dz = 0.0
 dumpcluster undefined, used default:           0
 cluster_same undefined, used default:           0
 cutoffcluster undefined, used default:   0.0000000000000000     
 parser:Set transform_type = 1
 parser:Set PBC = 1 1 1 1 1 1
 parser:Set coordinate_system = 2
 parser:Set systemtype = 9
 parser:Set particle           1 pos to   0.0000000000000000        0.0000000000000000        0.0000000000000000     
 parser:Set particle           2 pos to  0.50000000000000000       0.50000000000000000       0.50000000000000000     
 parser:Set particle           1 octahedron size to   5.0400000000000000     
 parser:Set particle           2 octahedron size to   5.0400000000000000     
 parser:Set particle           1 cube size to   3.5640000000000001     
 parser:Set particle           2 cube size to   3.5640000000000001     
 parser:Set particle           1 surface coverage to   5.8499999999999996     
 parser:Set particle           2 surface coverage to   5.8499999999999996     
 parser:Set particle           1 hydrophobicity to   0.0000000000000000     
 parser:Set particle           2 hydrophobicity to   0.0000000000000000     
 parser:Set particle           1 chain lenght to          12
 parser:Set particle           2 chain lenght to           6
 parser:Set seed_lig = 938121
 interaction_00 undefined, use default value of   1.0000000000000000     
 interaction_11 undefined, use default value of   1.0000000000000000     
 dumpcluster undefined, used default:           0
 cluster_same undefined, used default:           0
 cutoffcluster undefined, used default:   0.0000000000000000     
 transform:Volume of a lattice cell in real space   1.5625000000000000E-002 nm^3
 transform:Volume of a lattice cell in transformed space   1.5625000000000000E-002 nm^3
 transform:a / nm    10.000000000000000     
 transform:b / nm    10.000000000000000     
 transform:c / nm    10.000000000000000     
 transform:gama    90.000000000000000     
 transform:b/a   1.0000000000000000     
 transform:c/a   1.0000000000000000     
 transform:cell volume    1000.0000000000000      nm^3
 transform:Coordinates of particle           1  in real space    0.0000000000000000        0.0000000000000000        0.0000000000000000     
 transform:Coordinates of particle           2  in real space    5.0000000000000000        5.0000000000000000        5.0000000000000000     
 kais: Kai calculation
 kais: New Xulimit           8
 kais: Sum Xulimit  0.26593352215602678     
 kais: Total Sum  0.26593352215602678     
 Kai OK
 cuboctahedron:Total nanocuboct volumen real space=    39.459111095804822     
 cuboctahedron:Total discretized volumen =   39.081167369150066     
 cuboctahedron:total number of segments in system =   4129.0632461143914     
 cuboctahedron: Total nanocuboct #           1  area   39.212376506309511     
 cuboctahedron: Total nanocuboct #           2  area   39.212376506309511     
 Particle OK
 creador:graftingpoints:
 creador:ncha =         1840
 creador: cpp               1  =          230
 creador: cppini            1  =            1
 creador: cppfin            1  =          230
 creador:!!!!!!!!!!!!!!!!!!!!!!!!!
 creador: cpp               2  =          230
 creador: cppini            2  =          231
 creador: cppfin            2  =          460
 creador:!!!!!!!!!!!!!!!!!!!!!!!!!
 creador: cpp               3  =          230
 creador: cppini            3  =          461
 creador: cppfin            3  =          690
 creador:!!!!!!!!!!!!!!!!!!!!!!!!!
 creador: cpp               4  =          230
 creador: cppini            4  =          691
 creador: cppfin            4  =          920
 creador:!!!!!!!!!!!!!!!!!!!!!!!!!
 creador: cpp               5  =          230
 creador: cppini            5  =          921
 creador: cppfin            5  =         1150
 creador:!!!!!!!!!!!!!!!!!!!!!!!!!
 creador: cpp               6  =          230
 creador: cppini            6  =         1151
 creador: cppfin            6  =         1380
 creador:!!!!!!!!!!!!!!!!!!!!!!!!!
 creador: cpp               7  =          230
 creador: cppini            7  =         1381
 creador: cppfin            7  =         1610
 creador:!!!!!!!!!!!!!!!!!!!!!!!!!
 creador: cpp               8  =          230
 creador: cppini            8  =         1611
 creador: cppfin            8  =         1840
 creador:!!!!!!!!!!!!!!!!!!!!!!!!!
 Graftpoints OK
 Creador OK
 Switch to st =    0.0000000000000000       kp =  -20.000000000000000     
 solve: Enter solver       128000  eqs
 fkfun:           1   1992.6107337960486        1.7790105304702750E+101
 fkfun:           2   1992.6120560263153        1.7790171933064036E+101
 fkfun:           3   1992.6094200503824        1.7790097875016911E+101
 fkfun:           4   1992.6107526526705        1.7790082620526273E+101
 fkfun:           5   1992.6113779891116        1.7790163383925810E+101
 fkfun:           6   374.65676832776740        8.8198253627826281E+095
 fkfun:           7   374.65715758677590        8.8198246564078400E+095
 fkfun:           8   374.65650000631746        8.8198365966359230E+095
 fkfun:           9   374.65674343804722        8.8198170830491138E+095
 fkfun:          10   374.65673274180517        8.8198342449060505E+095
 fkfun:          11   374.65701352168145        8.8198333977263188E+095
 fkfun:          12   13815.167819360557        1.3883556295256701E+099
 fkfun:          13   13815.172580133039        1.3883594353775765E+099
 fkfun:          14   13815.162767053405        1.3883563194200709E+099
 fkfun:          15   13815.170746190690        1.3883597984799202E+099
 fkfun:          16   3519.5298903222674        2.5614406401224599E+095
 fkfun:          17   3519.5198872491260        2.5614397178250540E+095
 fkfun:          18   3519.5198872491260        2.5614397178250540E+095
 fkfun:          19   785.86411032868489        2.3202848120899561E+095
 fkfun:          20   785.86054212602960        2.3202837080123811E+095
 fkfun:          21   785.86054212602960        2.3202837080123811E+095
 fkfun:          22   93.934208309919342        1.9742656368864935E+095
 fkfun:          23   93.933534140831625        1.9742621427921896E+095
 fkfun:          24   93.933731082596111        1.9742676158584999E+095
 fkfun:          25   93.933760561922455        1.9742609317637325E+095
 fkfun:          26   20.227590017366513        8.7153858394504433E+094
 fkfun:          27   20.227326830110780        8.7153686971277997E+094
 fkfun:          28   20.227829248076077        8.7153854655651267E+094
 fkfun:          29   20.227595135853534        8.7153905643029616E+094
 fkfun:          30   20.227462621305126        8.7153683533745016E+094
 fkfun:          31   4.0398677191856533        5.0971486142759569E+094
 fkfun:          32   4.0397754757855067        5.0971433420446686E+094
 fkfun:          33   4.0399708747541592        5.0971440884882178E+094
 fkfun:          34   4.0398612210730604        5.0971460460529897E+094
 fkfun:          35   4.0398658212501344        5.0971469745397059E+094
 fkfun:          36   4.0398380436235621        5.0971390391075728E+094
 fkfun:          37  0.37531100733022837        3.1983621523402676E+094
 fkfun:          38  0.37527039529091183        3.1983582335112968E+094
 fkfun:          39  0.37533947823922825        3.1983593237575816E+094
 fkfun:          40  0.37531615463584317        3.1983593057424571E+094
 fkfun:          41  0.37531401554769706        3.1983619409471203E+094
 fkfun:          42  0.37531401411949078        3.1983614766095556E+094
 fkfun:          43  0.37531016882454343        3.1983624255164317E+094
 fkfun:          44  0.37530047209823608        3.1983541345845225E+094
 fkfun:          45   5.6150071910974842E-003   2.6819005429173328E+094
 fkfun:          46   5.6124921566600835E-003   2.6818994423463144E+094
 fkfun:          47   5.6172459480481555E-003   2.6818984266155016E+094
 fkfun:          48   5.6148818409969868E-003   2.6818956408794376E+094
 fkfun:          49   5.6153229308289181E-003   2.6818994544296064E+094
 fkfun:          50   5.6148171734032772E-003   2.6819008960960985E+094
 fkfun:          51   5.6150630950750026E-003   2.6818998015492944E+094
 fkfun:          52   5.6147191027366792E-003   2.6818986726159460E+094
 fkfun:          53   5.6149904599718621E-003   2.6819034438895113E+094
 fkfun:          54   5.6151173753500854E-003   2.6819017676655649E+094
 fkfun:          55   5.6149981096984347E-003   2.6819020403655915E+094
 fkfun:          56   5.6150638143760787E-003   2.6819004179152175E+094
 fkfun:          57   5.6149986623661389E-003   2.6819014852908698E+094
 fkfun:          58   5.6149766686463543E-003   2.6818981543759747E+094
 fkfun:          59   5.6151863243926467E-003   2.6818971419582904E+094
 fkfun:          60   5.6147725949283996E-003   2.6818981333005365E+094
 fkfun:          61   5.6148106662607788E-003   2.6819005760360524E+094
 fkfun:          62   5.6151030576512481E-003   2.6818989509709103E+094
 fkfun:          63   5.6149649148200132E-003   2.6818992252890297E+094
 fkfun:          64   5.6138511391918200E-003   2.6818941255062963E+094
 fkfun:          65   5.8043919508862504E-005   2.6264462260771130E+094
 fkfun:          66   5.7783262369958074E-005   2.6264451983076421E+094
 fkfun:          67   5.8285099562601058E-005   2.6264441704825968E+094
 fkfun:          68   5.8033407831323967E-005   2.6264413780350266E+094
 fkfun:          69   5.8082286665604534E-005   2.6264453315208008E+094
 fkfun:          70   5.8027563582388161E-005   2.6264469382272368E+094
 fkfun:          71   5.8048441610254757E-005   2.6264455948954099E+094
 fkfun:          72   5.8011485063783367E-005   2.6264443885015894E+094
 fkfun:          73   5.8043110010207093E-005   2.6264488723603472E+094
 fkfun:          74   5.8057191701769967E-005   2.6264479775368298E+094
 fkfun:          75   5.8047577915953653E-005   2.6264444312846324E+094
 fkfun:          76   5.8041750582015312E-005   2.6264454892340428E+094
 fkfun:          77   5.8044777305572957E-005   2.6264458911757629E+094
 fkfun:          78   5.8050279103724576E-005   2.6264466631880792E+094
 fkfun:          79   5.8033884104997076E-005   2.6264474999987787E+094
 fkfun:          80   5.8063985833004568E-005   2.6264460805100151E+094
 fkfun:          81   5.8032023917325839E-005   2.6264446023567469E+094
 fkfun:          82   5.8052801145732151E-005   2.6264437045081948E+094
 fkfun:          83   5.8049510496568249E-005   2.6264466164406347E+094
 fkfun:          84   5.8041982086825141E-005   2.6264470306212797E+094
 fkfun:          85   5.8048443338590418E-005   2.6264457933965275E+094
 fkfun:          86   5.7926795770428984E-005   2.6264399130649783E+094
 fkfun:          87   2.0327175732377818E-011   2.6201995193130351E+094
 ier           0
 Solved OK, st:    0.0000000000000000     
 Free_Energy_Calc: Free energy(1) =   -902.34819616628602     
 Free_Energy_Calc: Free energy(2) =   -902.34840749842260     
 Free energy after solving  -902.34819616628602     
 Save OK
 Switch to st =   0.20000000000000001       kp =  -20.000000000000000     
 solve: Enter solver       128000  eqs
 fkfun:           1   59.416178203488677        1.7723195849635539E+099
 fkfun:           2   59.415958057265556        1.7723189438960242E+099
 fkfun:           3   59.416331699864365        1.7723184670399554E+099
 fkfun:           4   59.416014258232337        1.7723185264216407E+099
 fkfun:           5   104.54614355057620        1.2386367866058192E+099
 fkfun:           6   104.54506135111055        1.2386366726289200E+099
 fkfun:           7   104.54506135111055        1.2386366726289200E+099
 fkfun:           8   10.528106961128868        1.2188326041884560E+099
 fkfun:           9   10.527905568231100        1.2188321191371374E+099
 fkfun:          10   10.527905568231100        1.2188321191371374E+099
 fkfun:          11   3.0761977474523072        1.1836506727056740E+099
 fkfun:          12   3.0761704910162702        1.1836497027508115E+099
 fkfun:          13   3.0761704910162702        1.1836497027508115E+099
 fkfun:          14   1.6684407427178813        1.0880324425610685E+099
 fkfun:          15   1.6684184992188660        1.0880316286806256E+099
 fkfun:          16   1.6684631605232652        1.0880319236759793E+099
 fkfun:          17   1.6684268786379541        1.0880314696753952E+099
 fkfun:          18  0.46322868867675088        9.2875938940828841E+098
 fkfun:          19  0.46320344703365840        9.2875870626234332E+098
 fkfun:          20  0.46325905789552180        9.2875898391622447E+098
 fkfun:          21  0.46322756895646922        9.2875942044472178E+098
 fkfun:          22  0.46322129252282224        9.2875846003921690E+098
 fkfun:          23   1.9079917233062366E-002   8.2399851500722057E+098
 fkfun:          24   1.9075488231474737E-002   8.2399825177288949E+098
 fkfun:          25   1.9083740798479586E-002   8.2399811699922612E+098
 fkfun:          26   1.9079878703742701E-002   8.2399826306391215E+098
 fkfun:          27   1.9079658123470740E-002   8.2399871822046684E+098
 fkfun:          28   1.9078670628581259E-002   8.2399797760924844E+098
 fkfun:          29   1.2201924928446899E-003   8.0873948802949012E+098
 fkfun:          30   1.2194353644354873E-003   8.0873933153640012E+098
 fkfun:          31   1.2211728210048871E-003   8.0873889671435761E+098
 fkfun:          32   1.2199952802254535E-003   8.0873901450627180E+098
 fkfun:          33   1.2201968344842757E-003   8.0873968187555732E+098
 fkfun:          34   1.2200764710086956E-003   8.0873942546289482E+098
 fkfun:          35   1.2200704289724459E-003   8.0873952462212468E+098
 fkfun:          36   1.2199354449035434E-003   8.0873889037164203E+098
 fkfun:          37   1.1884159458076822E-005   8.0314218426282974E+098
 fkfun:          38   1.1798866035905420E-005   8.0314203378133506E+098
 fkfun:          39   1.1962847699786792E-005   8.0314198496857799E+098
 fkfun:          40   1.1887903592447925E-005   8.0314176522049024E+098
 fkfun:          41   1.1886142705638757E-005   8.0314223725405051E+098
 fkfun:          42   1.1886346685331685E-005   8.0314191723281444E+098
 fkfun:          43   1.1886014441204637E-005   8.0314180728757363E+098
 fkfun:          44   1.1885193585488628E-005   8.0314218282074656E+098
 fkfun:          45   1.1885357360557833E-005   8.0314205235905109E+098
 fkfun:          46   1.1882209529304447E-005   8.0314169610912005E+098
 fkfun:          47   1.1888655922836969E-005   8.0314214030288215E+098
 fkfun:          48   1.1890961619131282E-005   8.0314227024339233E+098
 fkfun:          49   1.1887633737132552E-005   8.0314194558267842E+098
 fkfun:          50   1.1887716256244811E-005   8.0314183460723180E+098
 fkfun:          51   1.1884701094816581E-005   8.0314219080120875E+098
 fkfun:          52   1.1884844777862486E-005   8.0314175884610078E+098
 fkfun:          53   1.1890992001225570E-005   8.0314245694232288E+098
 fkfun:          54   1.1888493780601343E-005   8.0314189271870417E+098
 fkfun:          55   1.1888988759979166E-005   8.0314203545710165E+098
 fkfun:          56   1.1888306875116913E-005   8.0314175751323686E+098
 fkfun:          57   1.1882018495420054E-005   8.0314215596006103E+098
 fkfun:          58   1.1878701001744291E-005   8.0314151603140793E+098
 fkfun:          59   1.1883248274566119E-005   8.0314202227555388E+098
 fkfun:          60   1.1859473615478690E-005   8.0314170106733267E+098
 fkfun:          61   4.6967140216310563E-013   8.0267733831497452E+098
 ier           0
 Solved OK, st:   0.20000000000000001     
 Free_Energy_Calc: Free energy(1) =   -2965.0576773070934     
 Free_Energy_Calc: Free energy(2) =   -2965.0576620463080     
 Free energy after solving  -2965.0576773070934     
 Save OK
 Switch to st =   0.40000000000000002       kp =  -20.000000000000000     
 solve: Enter solver       128000  eqs
 fkfun:           1   82.559761624029079        1.3319912009305903E+104
 fkfun:           2   82.559501369364895        1.3319907177887817E+104
 fkfun:           3   82.559953046980397        1.3319894078929608E+104
 fkfun:           4   82.559572144342113        1.3319900283625544E+104
 fkfun:           5   114.25073925251037        7.5710654723062870E+103
 fkfun:           6   114.24968392243709        7.5710641831271711E+103
 fkfun:           7   114.24968392243709        7.5710641831271711E+103
 fkfun:           8   13.647319266319608        7.3322845607336779E+103
 fkfun:           9   13.647138907628245        7.3322801053321059E+103
 fkfun:          10   13.647138907628245        7.3322801053321059E+103
 fkfun:          11   4.9278505160858552        6.9195174283806606E+103
 fkfun:          12   4.9278251108411686        6.9195105587252477E+103
 fkfun:          13   4.9278647415239121        6.9195162642167541E+103
 fkfun:          14   4.9278285244708373        6.9195102682046847E+103
 fkfun:          15  0.78938105222161647        4.7147682724466066E+103
 fkfun:          16  0.78935780652470888        4.7147631864630583E+103
 fkfun:          17  0.78939567242417330        4.7147677251047483E+103
 fkfun:          18  0.78938243283216081        4.7147678051995809E+103
 fkfun:          19  0.78937188543965042        4.7147632788943335E+103
 fkfun:          20  0.10276623365024587        4.0192629647643704E+103
 fkfun:          21  0.10275807254552091        4.0192598895721975E+103
 fkfun:          22  0.10277472666730857        4.0192646505737611E+103
 fkfun:          23  0.10276568712199995        4.0192593701130696E+103
 fkfun:          24  0.10276664652084690        4.0192587785208960E+103
 fkfun:          25  0.10276336422232273        4.0192591459138106E+103
 fkfun:          26   5.0889722719301440E-003   3.7672315427267949E+103
 fkfun:          27   5.0872546128319322E-003   3.7672341390483309E+103
 fkfun:          28   5.0906095118142874E-003   3.7672235420217950E+103
 fkfun:          29   5.0888793240618070E-003   3.7672304060772885E+103
 fkfun:          30   5.0891746705148989E-003   3.7672344376486165E+103
 fkfun:          31   5.0887921765457164E-003   3.7672260277421976E+103
 fkfun:          32   5.0883700806415265E-003   3.7672294350949369E+103
 fkfun:          33   9.2544977542884869E-005   3.7324383548825055E+103
 fkfun:          34   9.2327759769107409E-005   3.7324366862716298E+103
 fkfun:          35   9.2732533213543285E-005   3.7324357031890259E+103
 fkfun:          36   9.2533587553143620E-005   3.7324377046892860E+103
 fkfun:          37   9.2548668970765592E-005   3.7324379727092024E+103
 fkfun:          38   9.2535801070766356E-005   3.7324365731885225E+103
 fkfun:          39   9.2552995383426444E-005   3.7324414734183998E+103
 fkfun:          40   9.2548686927372171E-005   3.7324391215411316E+103
 fkfun:          41   9.2538446925953102E-005   3.7324416483230376E+103
 fkfun:          42   9.2553208135144651E-005   3.7324346430254907E+103
 fkfun:          43   9.2552581275471161E-005   3.7324381427601708E+103
 fkfun:          44   9.2534955150756345E-005   3.7324354419865620E+103
 fkfun:          45   9.2554203364296765E-005   3.7324404406925082E+103
 fkfun:          46   9.2534992204812850E-005   3.7324390937382116E+103
 fkfun:          47   9.2559202748703534E-005   3.7324355298836307E+103
 fkfun:          48   9.2526664008124379E-005   3.7324383418415484E+103
 fkfun:          49   9.2548255766212065E-005   3.7324386362034560E+103
 fkfun:          50   9.2543222043217470E-005   3.7324359260087619E+103
 fkfun:          51   9.2550649945897666E-005   3.7324408149440322E+103
 fkfun:          52   9.2541798770631202E-005   3.7324369879187181E+103
 fkfun:          53   9.2472293018246756E-005   3.7324348264352805E+103
 fkfun:          54   3.0724789545699164E-011   3.7234654024351074E+103
 ier           0
 Solved OK, st:   0.40000000000000002     
 Free_Energy_Calc: Free energy(1) =   -5131.7957325579464     
 Free_Energy_Calc: Free energy(2) =   -5131.7957204248514     
 Free energy after solving  -5131.7957325579464     
 Save OK
 Switch to st =   0.50190000000000001       kp =  -20.000000000000000     
 solve: Enter solver       128000  eqs
 fkfun:           1   31.507298395458164        2.6219108423089678E+106
 fkfun:           2   31.507134039387438        2.6219099207360823E+106
 fkfun:           3   31.507413859270407        2.6219065693468077E+106
 fkfun:           4   31.507175563412645        2.6219083066315818E+106
 fkfun:           5   16.798862943019685        1.7558213813772868E+106
 fkfun:           6   16.798616154810258        1.7558209843974202E+106
 fkfun:           7   16.798616154810258        1.7558209843974202E+106
 fkfun:           8   2.7708632845046783        1.7112516330033015E+106
 fkfun:           9   2.7708329021899401        1.7112502535876771E+106
 fkfun:          10   2.7708959001520785        1.7112507983242143E+106
 fkfun:          11   2.7708544824124721        1.7112506987654197E+106
 fkfun:          12   2.7708731873125498        1.7112505335679801E+106
 fkfun:          13   2.7708468298506941        1.7112496364213171E+106
 fkfun:          14   7.4715473894361797E-002   1.1691238004616815E+106
 fkfun:          15   7.4711604811912469E-002   1.1691242965094837E+106
 fkfun:          16   7.4719819117832292E-002   1.1691218390242968E+106
 fkfun:          17   7.4715596990868841E-002   1.1691230196236211E+106
 fkfun:          18   7.4715511655604624E-002   1.1691236705716539E+106
 fkfun:          19   7.4715269188247599E-002   1.1691238112222713E+106
 fkfun:          20   7.4715565798278094E-002   1.1691238196051410E+106
 fkfun:          21   7.4715860776517415E-002   1.1691230113750436E+106
 fkfun:          22   7.4715430711042932E-002   1.1691233959206845E+106
 fkfun:          23   7.4715529028193464E-002   1.1691231348400976E+106
 fkfun:          24   7.4715196445992615E-002   1.1691242112290652E+106
 fkfun:          25   7.4715225015650893E-002   1.1691242470326013E+106
 fkfun:          26   7.4715113418414747E-002   1.1691229102378708E+106
 fkfun:          27   7.4715342249225547E-002   1.1691233743675929E+106
 fkfun:          28   7.4715570602558623E-002   1.1691235078563551E+106
 fkfun:          29   7.4713699815934564E-002   1.1691231238444029E+106
 fkfun:          30   2.5870584244779469E-006   1.1136341703115497E+106
 fkfun:          31   2.5480993073874167E-006   1.1136339016884670E+106
 fkfun:          32   2.6266271934225901E-006   1.1136347130170738E+106
 fkfun:          33   2.5885896517433078E-006   1.1136340218412683E+106
 fkfun:          34   2.5875172763186383E-006   1.1136340213603789E+106
 fkfun:          35   2.5868482446019241E-006   1.1136333101033762E+106
 fkfun:          36   2.5893113009298887E-006   1.1136345249959166E+106
 fkfun:          37   2.5901240996433840E-006   1.1136340510583826E+106
 fkfun:          38   2.5860526607976089E-006   1.1136339985765605E+106
 fkfun:          39   2.5883136505517607E-006   1.1136340987245951E+106
 fkfun:          40   2.5873985538888185E-006   1.1136342027294024E+106
 fkfun:          41   2.5870645491866490E-006   1.1136347365068985E+106
 fkfun:          42   2.5873139916352347E-006   1.1136337286516413E+106
 fkfun:          43   2.5869866106822786E-006   1.1136330263058204E+106
 fkfun:          44   2.5869354709550613E-006   1.1136347142426830E+106
 fkfun:          45   2.5872019718465625E-006   1.1136334427091008E+106
 fkfun:          46   2.5882554426386965E-006   1.1136343578658467E+106
 fkfun:          47   2.5875351184692164E-006   1.1136345412556453E+106
 fkfun:          48   2.5768655940685141E-006   1.1136340461002249E+106
 fkfun:          49   7.0778759050596213E-012   1.1135711840001291E+106
 ier           0
 Solved OK, st:   0.50190000000000001     
 Free_Energy_Calc: Free energy(1) =   -6289.4768094371320     
 Free_Energy_Calc: Free energy(2) =   -6289.4768033791543     
 Free energy after solving  -6289.4768094371320     
 Save OK
Note: The following floating-point exceptions are signalling: IEEE_INVALID_FLAG IEEE_DIVIDE_BY_ZERO
